This file contains any messages produced by compilers while
running configure, to aid debugging if configure makes a mistake.

It was created by configure, which was
generated by GNU Autoconf 2.59.  Invocation command line was

  $ ./configure --prefix=/home/subzero/devel/SCRIBUS --no-create --no-recursion

## --------- ##
## Platform. ##
## --------- ##

hostname = powerpuff
uname -m = i686
uname -r = 2.6.7-gentoo-r14
uname -s = Linux
uname -v = #1 Mon Sep 20 19:37:04 CEST 2004

/usr/bin/uname -p = AMD Duron(tm) 
/bin/uname -X     = unknown

/bin/arch              = i686
/usr/bin/arch -k       = unknown
/usr/convex/getsysinfo = unknown
hostinfo               = unknown
/bin/machine           = unknown
/usr/bin/oslevel       = unknown
/bin/universe          = unknown

PATH: /usr/kde/3.3/bin
PATH: /usr/local/bin
PATH: /usr/bin
PATH: /bin
PATH: /opt/bin
PATH: /usr/i586-pc-linux-gnu/gcc-bin/3.4
PATH: /opt/Acrobat5
PATH: /usr/X11R6/bin
PATH: /opt/blackdown-jdk-1.4.2.01/bin
PATH: /opt/blackdown-jdk-1.4.2.01/jre/bin
PATH: /usr/qt/3/bin
PATH: /usr/kde/3.3/bin
PATH: /usr/games/bin
PATH: /usr/share/karamba/bin
PATH: /usr/kde/3.3/bin


## ----------- ##
## Core tests. ##
## ----------- ##

configure:1383: checking build system type
configure:1401: result: i686-pc-linux-gnu
configure:1409: checking host system type
configure:1423: result: i686-pc-linux-gnu
configure:1431: checking target system type
configure:1445: result: i686-pc-linux-gnu
configure:1492: checking for a BSD-compatible install
configure:1547: result: /usr/bin/install -c
configure:1562: checking for -p flag to install
configure:1575: result: yes
configure:1586: checking whether build environment is sane
configure:1629: result: yes
configure:1649: checking for gawk
configure:1665: found /usr/bin/gawk
configure:1675: result: gawk
configure:1685: checking whether make sets $(MAKE)
configure:1705: result: yes
configure:1883: checking for freetype-config
configure:1901: found /usr/bin/freetype-config
configure:1915: result: /usr/bin/freetype-config
configure:1939: checking for style of include used by make
configure:1967: result: GNU
configure:2038: checking for gcc
configure:2054: found /usr/bin/gcc
configure:2064: result: gcc
configure:2308: checking for C compiler version
configure:2311: gcc --version </dev/null >&5
gcc (GCC) 3.4.3  (Gentoo Linux 3.4.3, ssp-3.4.3-0, pie-8.7.6.6)
Copyright (C) 2004 Free Software Foundation, Inc.
This is free software; see the source for copying conditions.  There is NO
warranty; not even for MERCHANTABILITY or FITNESS FOR A PARTICULAR PURPOSE.

configure:2314: $? = 0
configure:2316: gcc -v </dev/null >&5
Reading specs from /usr/lib/gcc/i586-pc-linux-gnu/3.4.3/specs
Configured with: /var/tmp/portage/gcc-3.4.3/work/gcc-3.4.3/configure --enable-version-specific-runtime-libs --prefix=/usr --bindir=/usr/i586-pc-linux-gnu/gcc-bin/3.4 --includedir=/usr/lib/gcc/i586-pc-linux-gnu/3.4.3/include --datadir=/usr/share/gcc-data/i586-pc-linux-gnu/3.4 --mandir=/usr/share/gcc-data/i586-pc-linux-gnu/3.4/man --infodir=/usr/share/gcc-data/i586-pc-linux-gnu/3.4/info --with-gxx-include-dir=/usr/lib/gcc/i586-pc-linux-gnu/3.4.3/include/g++-v3 --host=i586-pc-linux-gnu --disable-altivec --enable-nls --without-included-gettext --enable-__cxa_atexit --enable-clocale=gnu --with-system-zlib --disable-checking --disable-werror --disable-libunwind-exceptions --enable-shared --enable-threads=posix --disable-multilib --disable-libgcj --enable-languages=c,c++,f77
Thread model: posix
gcc version 3.4.3  (Gentoo Linux 3.4.3, ssp-3.4.3-0, pie-8.7.6.6)
configure:2319: $? = 0
configure:2321: gcc -V </dev/null >&5
gcc: `-V' option must have argument
configure:2324: $? = 1
configure:2347: checking for C compiler default output file name
configure:2350: gcc    conftest.c  >&5
configure:2353: $? = 0
configure:2399: result: a.out
configure:2404: checking whether the C compiler works
configure:2410: ./a.out
configure:2413: $? = 0
configure:2430: result: yes
configure:2437: checking whether we are cross compiling
configure:2439: result: no
configure:2442: checking for suffix of executables
configure:2444: gcc -o conftest    conftest.c  >&5
configure:2447: $? = 0
configure:2472: result: 
configure:2478: checking for suffix of object files
configure:2499: gcc -c   conftest.c >&5
configure:2502: $? = 0
configure:2524: result: o
configure:2528: checking whether we are using the GNU C compiler
configure:2552: gcc -c   conftest.c >&5
configure:2558: $? = 0
configure:2562: test -z 
			 || test ! -s conftest.err
configure:2565: $? = 0
configure:2568: test -s conftest.o
configure:2571: $? = 0
configure:2584: result: yes
configure:2590: checking whether gcc accepts -g
configure:2611: gcc -c -g  conftest.c >&5
configure:2617: $? = 0
configure:2621: test -z 
			 || test ! -s conftest.err
configure:2624: $? = 0
configure:2627: test -s conftest.o
configure:2630: $? = 0
configure:2641: result: yes
configure:2658: checking for gcc option to accept ANSI C
configure:2728: gcc  -c -g -O2  conftest.c >&5
configure:2734: $? = 0
configure:2738: test -z 
			 || test ! -s conftest.err
configure:2741: $? = 0
configure:2744: test -s conftest.o
configure:2747: $? = 0
configure:2765: result: none needed
configure:2783: gcc -c -g -O2  conftest.c >&5
conftest.c:2: error: parse error before "me"
configure:2789: $? = 1
configure: failed program was:
| #ifndef __cplusplus
|   choke me
| #endif
configure:2924: checking dependency style of gcc
configure:3007: result: gcc3
configure:3025: checking for FT_Get_Next_Char in -lfreetype
configure:3055: gcc -o conftest -g -O2   conftest.c -lfreetype   >&5
configure:3061: $? = 0
configure:3065: test -z 
			 || test ! -s conftest.err
configure:3068: $? = 0
configure:3071: test -s conftest
configure:3074: $? = 0
configure:3087: result: yes
configure:3106: checking for socket in -lsocket
configure:3136: gcc -o conftest -g -O2   conftest.c -lsocket   >&5
/usr/lib/gcc/i586-pc-linux-gnu/3.4.3/../../../../i586-pc-linux-gnu/bin/ld: cannot find -lsocket
collect2: ld returned 1 exit status
configure:3142: $? = 1
configure: failed program was:
| /* confdefs.h.  */
| 
| #define PACKAGE_NAME ""
| #define PACKAGE_TARNAME ""
| #define PACKAGE_VERSION ""
| #define PACKAGE_STRING ""
| #define PACKAGE_BUGREPORT ""
| #define PACKAGE "scribus-vlna"
| #define VERSION "0.3.7"
| #define HAVE_FREETYPE 1
| /* end confdefs.h.  */
| 
| /* Override any gcc2 internal prototype to avoid an error.  */
| #ifdef __cplusplus
| extern "C"
| #endif
| /* We use char because int might match the return type of a gcc2
|    builtin and then its argument prototype would still apply.  */
| char socket ();
| int
| main ()
| {
| socket ();
|   ;
|   return 0;
| }
configure:3168: result: no
configure:3178: checking for gethostbyaddr in -lnsl
configure:3208: gcc -o conftest -g -O2   conftest.c -lnsl   >&5
configure:3214: $? = 0
configure:3218: test -z 
			 || test ! -s conftest.err
configure:3221: $? = 0
configure:3224: test -s conftest
configure:3227: $? = 0
configure:3240: result: yes
configure:3252: checking for httpConnect in -lcups
configure:3282: gcc -o conftest -g -O2   conftest.c -lcups  -lnsl  >&5
configure:3288: $? = 0
configure:3292: test -z 
			 || test ! -s conftest.err
configure:3295: $? = 0
configure:3298: test -s conftest
configure:3301: $? = 0
configure:3314: result: yes
configure:3325: checking for _cmsChannelsOf in -llcms
configure:3355: gcc -o conftest -g -O2   conftest.c -llcms  -lnsl  >&5
configure:3361: $? = 0
configure:3365: test -z 
			 || test ! -s conftest.err
configure:3368: $? = 0
configure:3371: test -s conftest
configure:3374: $? = 0
configure:3387: result: yes
configure:3401: checking how to run the C preprocessor
configure:3436: gcc -E  conftest.c
configure:3442: $? = 0
configure:3474: gcc -E  conftest.c
conftest.c:12:28: ac_nonexistent.h: No such file or directory
configure:3480: $? = 1
configure: failed program was:
| /* confdefs.h.  */
| 
| #define PACKAGE_NAME ""
| #define PACKAGE_TARNAME ""
| #define PACKAGE_VERSION ""
| #define PACKAGE_STRING ""
| #define PACKAGE_BUGREPORT ""
| #define PACKAGE "scribus-vlna"
| #define VERSION "0.3.7"
| #define HAVE_FREETYPE 1
| /* end confdefs.h.  */
| #include <ac_nonexistent.h>
configure:3519: result: gcc -E
configure:3543: gcc -E  conftest.c
configure:3549: $? = 0
configure:3581: gcc -E  conftest.c
conftest.c:12:28: ac_nonexistent.h: No such file or directory
configure:3587: $? = 1
configure: failed program was:
| /* confdefs.h.  */
| 
| #define PACKAGE_NAME ""
| #define PACKAGE_TARNAME ""
| #define PACKAGE_VERSION ""
| #define PACKAGE_STRING ""
| #define PACKAGE_BUGREPORT ""
| #define PACKAGE "scribus-vlna"
| #define VERSION "0.3.7"
| #define HAVE_FREETYPE 1
| /* end confdefs.h.  */
| #include <ac_nonexistent.h>
configure:3631: checking for egrep
configure:3641: result: grep -E
configure:3646: checking for ANSI C header files
configure:3671: gcc -c -g -O2  conftest.c >&5
configure:3677: $? = 0
configure:3681: test -z 
			 || test ! -s conftest.err
configure:3684: $? = 0
configure:3687: test -s conftest.o
configure:3690: $? = 0
configure:3779: gcc -o conftest -g -O2   conftest.c -lnsl  >&5
configure:3782: $? = 0
configure:3784: ./conftest
configure:3787: $? = 0
configure:3802: result: yes
configure:3826: checking for sys/types.h
configure:3842: gcc -c -g -O2  conftest.c >&5
configure:3848: $? = 0
configure:3852: test -z 
			 || test ! -s conftest.err
configure:3855: $? = 0
configure:3858: test -s conftest.o
configure:3861: $? = 0
configure:3872: result: yes
configure:3826: checking for sys/stat.h
configure:3842: gcc -c -g -O2  conftest.c >&5
configure:3848: $? = 0
configure:3852: test -z 
			 || test ! -s conftest.err
configure:3855: $? = 0
configure:3858: test -s conftest.o
configure:3861: $? = 0
configure:3872: result: yes
configure:3826: checking for stdlib.h
configure:3842: gcc -c -g -O2  conftest.c >&5
configure:3848: $? = 0
configure:3852: test -z 
			 || test ! -s conftest.err
configure:3855: $? = 0
configure:3858: test -s conftest.o
configure:3861: $? = 0
configure:3872: result: yes
configure:3826: checking for string.h
configure:3842: gcc -c -g -O2  conftest.c >&5
configure:3848: $? = 0
configure:3852: test -z 
			 || test ! -s conftest.err
configure:3855: $? = 0
configure:3858: test -s conftest.o
configure:3861: $? = 0
configure:3872: result: yes
configure:3826: checking for memory.h
configure:3842: gcc -c -g -O2  conftest.c >&5
configure:3848: $? = 0
configure:3852: test -z 
			 || test ! -s conftest.err
configure:3855: $? = 0
configure:3858: test -s conftest.o
configure:3861: $? = 0
configure:3872: result: yes
configure:3826: checking for strings.h
configure:3842: gcc -c -g -O2  conftest.c >&5
configure:3848: $? = 0
configure:3852: test -z 
			 || test ! -s conftest.err
configure:3855: $? = 0
configure:3858: test -s conftest.o
configure:3861: $? = 0
configure:3872: result: yes
configure:3826: checking for inttypes.h
configure:3842: gcc -c -g -O2  conftest.c >&5
configure:3848: $? = 0
configure:3852: test -z 
			 || test ! -s conftest.err
configure:3855: $? = 0
configure:3858: test -s conftest.o
configure:3861: $? = 0
configure:3872: result: yes
configure:3826: checking for stdint.h
configure:3842: gcc -c -g -O2  conftest.c >&5
configure:3848: $? = 0
configure:3852: test -z 
			 || test ! -s conftest.err
configure:3855: $? = 0
configure:3858: test -s conftest.o
configure:3861: $? = 0
configure:3872: result: yes
configure:3826: checking for unistd.h
configure:3842: gcc -c -g -O2  conftest.c >&5
configure:3848: $? = 0
configure:3852: test -z 
			 || test ! -s conftest.err
configure:3855: $? = 0
configure:3858: test -s conftest.o
configure:3861: $? = 0
configure:3872: result: yes
configure:3894: checking lcms.h usability
configure:3906: gcc -c -g -O2  conftest.c >&5
conftest.c:56:18: lcms.h: No such file or directory
configure:3912: $? = 1
configure: failed program was:
| /* confdefs.h.  */
| 
| #define PACKAGE_NAME ""
| #define PACKAGE_TARNAME ""
| #define PACKAGE_VERSION ""
| #define PACKAGE_STRING ""
| #define PACKAGE_BUGREPORT ""
| #define PACKAGE "scribus-vlna"
| #define VERSION "0.3.7"
| #define HAVE_FREETYPE 1
| #define STDC_HEADERS 1
| #define HAVE_SYS_TYPES_H 1
| #define HAVE_SYS_STAT_H 1
| #define HAVE_STDLIB_H 1
| #define HAVE_STRING_H 1
| #define HAVE_MEMORY_H 1
| #define HAVE_STRINGS_H 1
| #define HAVE_INTTYPES_H 1
| #define HAVE_STDINT_H 1
| #define HAVE_UNISTD_H 1
| /* end confdefs.h.  */
| #include <stdio.h>
| #if HAVE_SYS_TYPES_H
| # include <sys/types.h>
| #endif
| #if HAVE_SYS_STAT_H
| # include <sys/stat.h>
| #endif
| #if STDC_HEADERS
| # include <stdlib.h>
| # include <stddef.h>
| #else
| # if HAVE_STDLIB_H
| #  include <stdlib.h>
| # endif
| #endif
| #if HAVE_STRING_H
| # if !STDC_HEADERS && HAVE_MEMORY_H
| #  include <memory.h>
| # endif
| # include <string.h>
| #endif
| #if HAVE_STRINGS_H
| # include <strings.h>
| #endif
| #if HAVE_INTTYPES_H
| # include <inttypes.h>
| #else
| # if HAVE_STDINT_H
| #  include <stdint.h>
| # endif
| #endif
| #if HAVE_UNISTD_H
| # include <unistd.h>
| #endif
| #include <lcms.h>
configure:3935: result: no
configure:3939: checking lcms.h presence
configure:3949: gcc -E  conftest.c
conftest.c:22:18: lcms.h: No such file or directory
configure:3955: $? = 1
configure: failed program was:
| /* confdefs.h.  */
| 
| #define PACKAGE_NAME ""
| #define PACKAGE_TARNAME ""
| #define PACKAGE_VERSION ""
| #define PACKAGE_STRING ""
| #define PACKAGE_BUGREPORT ""
| #define PACKAGE "scribus-vlna"
| #define VERSION "0.3.7"
| #define HAVE_FREETYPE 1
| #define STDC_HEADERS 1
| #define HAVE_SYS_TYPES_H 1
| #define HAVE_SYS_STAT_H 1
| #define HAVE_STDLIB_H 1
| #define HAVE_STRING_H 1
| #define HAVE_MEMORY_H 1
| #define HAVE_STRINGS_H 1
| #define HAVE_INTTYPES_H 1
| #define HAVE_STDINT_H 1
| #define HAVE_UNISTD_H 1
| /* end confdefs.h.  */
| #include <lcms.h>
configure:3975: result: no
configure:4010: checking for lcms.h
configure:4017: result: no
configure:4039: checking lcms/lcms.h usability
configure:4051: gcc -c -g -O2  conftest.c >&5
configure:4057: $? = 0
configure:4061: test -z 
			 || test ! -s conftest.err
configure:4064: $? = 0
configure:4067: test -s conftest.o
configure:4070: $? = 0
configure:4080: result: yes
configure:4084: checking lcms/lcms.h presence
configure:4094: gcc -E  conftest.c
configure:4100: $? = 0
configure:4120: result: yes
configure:4155: checking for lcms/lcms.h
configure:4162: result: yes
configure:4196: checking for dlopen in -lc
configure:4226: gcc -o conftest -g -O2   conftest.c -lc  -lnsl  >&5
/tmp/ccKj2st7.o(.text+0xc): In function `main':
/home/subzero/devel/Subik/scribus-short-words/conftest.c:35: undefined reference to `dlopen'
collect2: ld returned 1 exit status
configure:4232: $? = 1
configure: failed program was:
| /* confdefs.h.  */
| 
| #define PACKAGE_NAME ""
| #define PACKAGE_TARNAME ""
| #define PACKAGE_VERSION ""
| #define PACKAGE_STRING ""
| #define PACKAGE_BUGREPORT ""
| #define PACKAGE "scribus-vlna"
| #define VERSION "0.3.7"
| #define HAVE_FREETYPE 1
| #define STDC_HEADERS 1
| #define HAVE_SYS_TYPES_H 1
| #define HAVE_SYS_STAT_H 1
| #define HAVE_STDLIB_H 1
| #define HAVE_STRING_H 1
| #define HAVE_MEMORY_H 1
| #define HAVE_STRINGS_H 1
| #define HAVE_INTTYPES_H 1
| #define HAVE_STDINT_H 1
| #define HAVE_UNISTD_H 1
| #define CMS_INC "lcms/lcms.h"
| #define HAVE_CMS 1
| /* end confdefs.h.  */
| 
| /* Override any gcc2 internal prototype to avoid an error.  */
| #ifdef __cplusplus
| extern "C"
| #endif
| /* We use char because int might match the return type of a gcc2
|    builtin and then its argument prototype would still apply.  */
| char dlopen ();
| int
| main ()
| {
| dlopen ();
|   ;
|   return 0;
| }
configure:4258: result: no
configure:4269: checking for TIFFOpen in -ltiff
configure:4299: gcc -o conftest -g -O2   conftest.c -ltiff -lm -lnsl  >&5
configure:4305: $? = 0
configure:4309: test -z 
			 || test ! -s conftest.err
configure:4312: $? = 0
configure:4315: test -s conftest
configure:4318: $? = 0
configure:4331: result: yes
configure:4477: checking for gcc
configure:4503: result: gcc
configure:4747: checking for C compiler version
configure:4750: gcc --version </dev/null >&5
gcc (GCC) 3.4.3  (Gentoo Linux 3.4.3, ssp-3.4.3-0, pie-8.7.6.6)
Copyright (C) 2004 Free Software Foundation, Inc.
This is free software; see the source for copying conditions.  There is NO
warranty; not even for MERCHANTABILITY or FITNESS FOR A PARTICULAR PURPOSE.

configure:4753: $? = 0
configure:4755: gcc -v </dev/null >&5
Reading specs from /usr/lib/gcc/i586-pc-linux-gnu/3.4.3/specs
Configured with: /var/tmp/portage/gcc-3.4.3/work/gcc-3.4.3/configure --enable-version-specific-runtime-libs --prefix=/usr --bindir=/usr/i586-pc-linux-gnu/gcc-bin/3.4 --includedir=/usr/lib/gcc/i586-pc-linux-gnu/3.4.3/include --datadir=/usr/share/gcc-data/i586-pc-linux-gnu/3.4 --mandir=/usr/share/gcc-data/i586-pc-linux-gnu/3.4/man --infodir=/usr/share/gcc-data/i586-pc-linux-gnu/3.4/info --with-gxx-include-dir=/usr/lib/gcc/i586-pc-linux-gnu/3.4.3/include/g++-v3 --host=i586-pc-linux-gnu --disable-altivec --enable-nls --without-included-gettext --enable-__cxa_atexit --enable-clocale=gnu --with-system-zlib --disable-checking --disable-werror --disable-libunwind-exceptions --enable-shared --enable-threads=posix --disable-multilib --disable-libgcj --enable-languages=c,c++,f77
Thread model: posix
gcc version 3.4.3  (Gentoo Linux 3.4.3, ssp-3.4.3-0, pie-8.7.6.6)
configure:4758: $? = 0
configure:4760: gcc -V </dev/null >&5
gcc: `-V' option must have argument
configure:4763: $? = 1
configure:4766: checking whether we are using the GNU C compiler
configure:4822: result: yes
configure:4828: checking whether gcc accepts -g
configure:4879: result: yes
configure:4896: checking for gcc option to accept ANSI C
configure:5003: result: none needed
configure:5021: gcc -c  -g -O2  conftest.c >&5
conftest.c:2: error: parse error before "me"
configure:5027: $? = 1
configure: failed program was:
| #ifndef __cplusplus
|   choke me
| #endif
configure:5162: checking dependency style of gcc
configure:5245: result: gcc3
configure:5268: checking how to run the C preprocessor
configure:5386: result: gcc -E
configure:5410: gcc -E  conftest.c
configure:5416: $? = 0
configure:5448: gcc -E  conftest.c
conftest.c:26:28: ac_nonexistent.h: No such file or directory
configure:5454: $? = 1
configure: failed program was:
| /* confdefs.h.  */
| 
| #define PACKAGE_NAME ""
| #define PACKAGE_TARNAME ""
| #define PACKAGE_VERSION ""
| #define PACKAGE_STRING ""
| #define PACKAGE_BUGREPORT ""
| #define PACKAGE "scribus-vlna"
| #define VERSION "0.3.7"
| #define HAVE_FREETYPE 1
| #define STDC_HEADERS 1
| #define HAVE_SYS_TYPES_H 1
| #define HAVE_SYS_STAT_H 1
| #define HAVE_STDLIB_H 1
| #define HAVE_STRING_H 1
| #define HAVE_MEMORY_H 1
| #define HAVE_STRINGS_H 1
| #define HAVE_INTTYPES_H 1
| #define HAVE_STDINT_H 1
| #define HAVE_UNISTD_H 1
| #define CMS_INC "lcms/lcms.h"
| #define HAVE_CMS 1
| #define HAVE_TIFF 1
| #define PREL "/home/subzero/devel/SCRIBUS"
| /* end confdefs.h.  */
| #include <ac_nonexistent.h>
configure:5578: checking for g++
configure:5594: found /usr/bin/g++
configure:5604: result: g++
configure:5620: checking for C++ compiler version
configure:5623: g++ --version </dev/null >&5
g++ (GCC) 3.4.3  (Gentoo Linux 3.4.3, ssp-3.4.3-0, pie-8.7.6.6)
Copyright (C) 2004 Free Software Foundation, Inc.
This is free software; see the source for copying conditions.  There is NO
warranty; not even for MERCHANTABILITY or FITNESS FOR A PARTICULAR PURPOSE.

configure:5626: $? = 0
configure:5628: g++ -v </dev/null >&5
Reading specs from /usr/lib/gcc/i586-pc-linux-gnu/3.4.3/specs
Configured with: /var/tmp/portage/gcc-3.4.3/work/gcc-3.4.3/configure --enable-version-specific-runtime-libs --prefix=/usr --bindir=/usr/i586-pc-linux-gnu/gcc-bin/3.4 --includedir=/usr/lib/gcc/i586-pc-linux-gnu/3.4.3/include --datadir=/usr/share/gcc-data/i586-pc-linux-gnu/3.4 --mandir=/usr/share/gcc-data/i586-pc-linux-gnu/3.4/man --infodir=/usr/share/gcc-data/i586-pc-linux-gnu/3.4/info --with-gxx-include-dir=/usr/lib/gcc/i586-pc-linux-gnu/3.4.3/include/g++-v3 --host=i586-pc-linux-gnu --disable-altivec --enable-nls --without-included-gettext --enable-__cxa_atexit --enable-clocale=gnu --with-system-zlib --disable-checking --disable-werror --disable-libunwind-exceptions --enable-shared --enable-threads=posix --disable-multilib --disable-libgcj --enable-languages=c,c++,f77
Thread model: posix
gcc version 3.4.3  (Gentoo Linux 3.4.3, ssp-3.4.3-0, pie-8.7.6.6)
configure:5631: $? = 0
configure:5633: g++ -V </dev/null >&5
g++: `-V' option must have argument
configure:5636: $? = 1
configure:5639: checking whether we are using the GNU C++ compiler
configure:5663: g++ -c    conftest.cc >&5
configure:5669: $? = 0
configure:5673: test -z 
			 || test ! -s conftest.err
configure:5676: $? = 0
configure:5679: test -s conftest.o
configure:5682: $? = 0
configure:5695: result: yes
configure:5701: checking whether g++ accepts -g
configure:5722: g++ -c -g  conftest.cc >&5
configure:5728: $? = 0
configure:5732: test -z 
			 || test ! -s conftest.err
configure:5735: $? = 0
configure:5738: test -s conftest.o
configure:5741: $? = 0
configure:5752: result: yes
configure:5794: g++ -c    conftest.cc >&5
configure:5800: $? = 0
configure:5804: test -z 
			 || test ! -s conftest.err
configure:5807: $? = 0
configure:5810: test -s conftest.o
configure:5813: $? = 0
configure:5839: g++ -c    conftest.cc >&5
conftest.cc: In function `int main()':
conftest.cc:30: error: `exit' undeclared (first use this function)
conftest.cc:30: error: (Each undeclared identifier is reported only once for each function it appears in.)
configure:5845: $? = 1
configure: failed program was:
| /* confdefs.h.  */
| 
| #define PACKAGE_NAME ""
| #define PACKAGE_TARNAME ""
| #define PACKAGE_VERSION ""
| #define PACKAGE_STRING ""
| #define PACKAGE_BUGREPORT ""
| #define PACKAGE "scribus-vlna"
| #define VERSION "0.3.7"
| #define HAVE_FREETYPE 1
| #define STDC_HEADERS 1
| #define HAVE_SYS_TYPES_H 1
| #define HAVE_SYS_STAT_H 1
| #define HAVE_STDLIB_H 1
| #define HAVE_STRING_H 1
| #define HAVE_MEMORY_H 1
| #define HAVE_STRINGS_H 1
| #define HAVE_INTTYPES_H 1
| #define HAVE_STDINT_H 1
| #define HAVE_UNISTD_H 1
| #define CMS_INC "lcms/lcms.h"
| #define HAVE_CMS 1
| #define HAVE_TIFF 1
| #define PREL "/home/subzero/devel/SCRIBUS"
| /* end confdefs.h.  */
| 
| int
| main ()
| {
| exit (42);
|   ;
|   return 0;
| }
configure:5794: g++ -c    conftest.cc >&5
configure:5800: $? = 0
configure:5804: test -z 
			 || test ! -s conftest.err
configure:5807: $? = 0
configure:5810: test -s conftest.o
configure:5813: $? = 0
configure:5839: g++ -c    conftest.cc >&5
configure:5845: $? = 0
configure:5849: test -z 
			 || test ! -s conftest.err
configure:5852: $? = 0
configure:5855: test -s conftest.o
configure:5858: $? = 0
configure:5883: checking dependency style of g++
configure:5966: result: gcc3
configure:6652: checking whether g++ supports -fno-exceptions
configure:6688: rm -rf SunWS_cache; g++ -o conftest -O2   -fno-exceptions   conftest.cc -lnsl  1>&5
configure:6694: $? = 0
configure:6698: test -z 
			 || test ! -s conftest.err
configure:6701: $? = 0
configure:6704: test -s conftest
configure:6707: $? = 0
configure:6728: result: yes
configure:6740: checking whether g++ supports -fno-check-new
configure:6776: rm -rf SunWS_cache; g++ -o conftest -O2   -fno-exceptions -fno-check-new   conftest.cc -lnsl  1>&5
configure:6782: $? = 0
configure:6786: test -z 
			 || test ! -s conftest.err
configure:6789: $? = 0
configure:6792: test -s conftest
configure:6795: $? = 0
configure:6816: result: yes
configure:6828: checking whether g++ supports -fexceptions
configure:6864: rm -rf SunWS_cache; g++ -o conftest -O2   -fno-exceptions -fno-check-new -fexceptions   conftest.cc -lnsl  1>&5
configure:6870: $? = 0
configure:6874: test -z 
			 || test ! -s conftest.err
configure:6877: $? = 0
configure:6880: test -s conftest
configure:6883: $? = 0
configure:6904: result: yes
configure:7565: checking how to run the C++ preprocessor
configure:7596: g++ -E  conftest.cc
configure:7602: $? = 0
configure:7634: g++ -E  conftest.cc
conftest.cc:29:28: ac_nonexistent.h: No such file or directory
configure:7640: $? = 1
configure: failed program was:
| /* confdefs.h.  */
| 
| #define PACKAGE_NAME ""
| #define PACKAGE_TARNAME ""
| #define PACKAGE_VERSION ""
| #define PACKAGE_STRING ""
| #define PACKAGE_BUGREPORT ""
| #define PACKAGE "scribus-vlna"
| #define VERSION "0.3.7"
| #define HAVE_FREETYPE 1
| #define STDC_HEADERS 1
| #define HAVE_SYS_TYPES_H 1
| #define HAVE_SYS_STAT_H 1
| #define HAVE_STDLIB_H 1
| #define HAVE_STRING_H 1
| #define HAVE_MEMORY_H 1
| #define HAVE_STRINGS_H 1
| #define HAVE_INTTYPES_H 1
| #define HAVE_STDINT_H 1
| #define HAVE_UNISTD_H 1
| #define CMS_INC "lcms/lcms.h"
| #define HAVE_CMS 1
| #define HAVE_TIFF 1
| #define PREL "/home/subzero/devel/SCRIBUS"
| #ifdef __cplusplus
| extern "C" void std::exit (int) throw (); using std::exit;
| #endif
| /* end confdefs.h.  */
| #include <ac_nonexistent.h>
configure:7679: result: g++ -E
configure:7703: g++ -E  conftest.cc
configure:7709: $? = 0
configure:7741: g++ -E  conftest.cc
conftest.cc:29:28: ac_nonexistent.h: No such file or directory
configure:7747: $? = 1
configure: failed program was:
| /* confdefs.h.  */
| 
| #define PACKAGE_NAME ""
| #define PACKAGE_TARNAME ""
| #define PACKAGE_VERSION ""
| #define PACKAGE_STRING ""
| #define PACKAGE_BUGREPORT ""
| #define PACKAGE "scribus-vlna"
| #define VERSION "0.3.7"
| #define HAVE_FREETYPE 1
| #define STDC_HEADERS 1
| #define HAVE_SYS_TYPES_H 1
| #define HAVE_SYS_STAT_H 1
| #define HAVE_STDLIB_H 1
| #define HAVE_STRING_H 1
| #define HAVE_MEMORY_H 1
| #define HAVE_STRINGS_H 1
| #define HAVE_INTTYPES_H 1
| #define HAVE_STDINT_H 1
| #define HAVE_UNISTD_H 1
| #define CMS_INC "lcms/lcms.h"
| #define HAVE_CMS 1
| #define HAVE_TIFF 1
| #define PREL "/home/subzero/devel/SCRIBUS"
| #ifdef __cplusplus
| extern "C" void std::exit (int) throw (); using std::exit;
| #endif
| /* end confdefs.h.  */
| #include <ac_nonexistent.h>
configure:7846: checking whether g++ supports -frepo
configure:7882: rm -rf SunWS_cache; g++ -o conftest -O2 -fno-exceptions -fno-check-new -frepo   conftest.cc -lnsl  1>&5
In file included from conftest.cc:1:
<internal>:0: warning: -frepo must be used with -c
configure:7888: $? = 0
configure:7892: test -z 
			 || test ! -s conftest.err
configure:7895: $? = 0
configure:7898: test -s conftest
configure:7901: $? = 0
configure:7922: result: yes
configure:8156: checking for ld used by GCC
configure:8219: result: /usr/i586-pc-linux-gnu/bin/ld
configure:8228: checking if the linker (/usr/i586-pc-linux-gnu/bin/ld) is GNU ld
GNU ld version 2.15.92.0.2 20040927
configure:8240: result: yes
configure:8245: checking for /usr/i586-pc-linux-gnu/bin/ld option to reload object files
configure:8252: result: -r
configure:8257: checking for BSD-compatible nm
configure:8293: result: /usr/bin/nm -B
configure:8296: checking whether ln -s works
configure:8300: result: yes
configure:8307: checking how to recognise dependant libraries
configure:8478: result: pass_all
configure:8666: checking for ranlib
configure:8682: found /usr/bin/ranlib
configure:8693: result: ranlib
configure:8746: checking for strip
configure:8762: found /usr/bin/strip
configure:8773: result: strip
ltcf-c.sh:need_lc: gcc -c -O2  -g -O2  conftest.c 1>&5
ltcf-c.sh:need_lc: gcc -shared conftest.  -v -Wl,-soname -Wl,conftest -o conftest
ltconfig:678:checking for gcc option to produce PIC
ltconfig:687:checking that gcc PIC flag -fPIC -DPIC works.
ltconfig:697: gcc -c -O2  -g -O2 -fPIC -DPIC -DPIC  conftest.c 1>&5
ltconfig:749: checking if gcc static flag -static works
ltconfig:758: gcc -o conftest -O2  -g -O2   -static conftest.c -lnsl  1>&5
ltconfig:780: finding the maximum length of command line arguments
ltconfig:@lineno@: result: 73729
ltconfig:829: checking if gcc supports -c -o file.o
ltconfig:830: gcc -c -O2  -g -O2 -o out/conftest2.o  conftest.c 1>&5
ltconfig:883: checking if gcc supports -fno-rtti -fno-exceptions
ltconfig:884: gcc -c -O2  -g -O2 -fno-rtti -fno-exceptions -c conftest.c  conftest.c 1>&5
ltconfig:1423: checking if global_symbol_pipe works
ltconfig:1424: gcc -c -O2  -g -O2  conftest.c 1>&5
ltconfig:1427: eval "/usr/bin/nm -B conftest.o | sed -n -e 's/^.*[ 	]\([ABCDGISTW]\)[ 	][ 	]*\(\)\([_A-Za-z][_A-Za-z0-9]*\)$/\1 \2\3 \3/p' > conftest.nm"
ltconfig:1479: gcc -o conftest -O2  -g -O2 -fno-builtin   conftest.c conftstm.o 1>&5
g++ -E conftest.cc
ltconfig:678:checking for g++ option to produce PIC
ltconfig:687:checking that g++ PIC flag -fPIC -DPIC works.
ltconfig:697: g++ -c -O2 -fno-exceptions -fno-check-new -fPIC -DPIC -DPIC  conftest.cc 1>&5
ltconfig:749: checking if g++ static flag -static works
ltconfig:758: g++ -o conftest -O2 -fno-exceptions -fno-check-new   -static conftest.cc -lnsl  1>&5
ltconfig:780: finding the maximum length of command line arguments
ltconfig:@lineno@: result: 73729
ltconfig:829: checking if g++ supports -c -o file.o
ltconfig:830: g++ -c -O2 -fno-exceptions -fno-check-new -o out/conftest2.o  conftest.cc 1>&5
ltconfig:883: checking if g++ supports -fno-rtti -fno-exceptions
ltconfig:884: g++ -c -O2 -fno-exceptions -fno-check-new -fno-rtti -fno-exceptions -c conftest.cc  conftest.cc 1>&5
ltconfig:1423: checking if global_symbol_pipe works
ltconfig:1424: g++ -c -O2 -fno-exceptions -fno-check-new  conftest.cc 1>&5
ltconfig:1427: eval "/usr/bin/nm -B conftest.o | sed -n -e 's/^.*[ 	]\([ABCDGISTW]\)[ 	][ 	]*\(\)\([_A-Za-z][_A-Za-z0-9]*\)$/\1 \2\3 \3/p' > conftest.nm"
ltconfig:1479: g++ -o conftest -O2 -fno-exceptions -fno-check-new -fno-builtin -fno-rtti -fno-exceptions   conftest.cc conftstm.o 1>&5
configure:9169: checking for dlopen in -ldl
configure:9199: gcc -o conftest -O2  -g -O2   conftest.c -ldl  -lnsl  >&5
configure:9205: $? = 0
configure:9209: test -z 
			 || test ! -s conftest.err
configure:9212: $? = 0
configure:9215: test -s conftest
configure:9218: $? = 0
configure:9231: result: yes
configure:9241: checking for shl_unload in -ldld
configure:9271: gcc -o conftest -O2  -g -O2   conftest.c -ldld  -lnsl  >&5
/usr/lib/gcc/i586-pc-linux-gnu/3.4.3/../../../../i586-pc-linux-gnu/bin/ld: cannot find -ldld
collect2: ld returned 1 exit status
configure:9277: $? = 1
configure: failed program was:
| /* confdefs.h.  */
| 
| #define PACKAGE_NAME ""
| #define PACKAGE_TARNAME ""
| #define PACKAGE_VERSION ""
| #define PACKAGE_STRING ""
| #define PACKAGE_BUGREPORT ""
| #define PACKAGE "scribus-vlna"
| #define VERSION "0.3.7"
| #define HAVE_FREETYPE 1
| #define STDC_HEADERS 1
| #define HAVE_SYS_TYPES_H 1
| #define HAVE_SYS_STAT_H 1
| #define HAVE_STDLIB_H 1
| #define HAVE_STRING_H 1
| #define HAVE_MEMORY_H 1
| #define HAVE_STRINGS_H 1
| #define HAVE_INTTYPES_H 1
| #define HAVE_STDINT_H 1
| #define HAVE_UNISTD_H 1
| #define CMS_INC "lcms/lcms.h"
| #define HAVE_CMS 1
| #define HAVE_TIFF 1
| #define PREL "/home/subzero/devel/SCRIBUS"
| #ifdef __cplusplus
| extern "C" void std::exit (int) throw (); using std::exit;
| #endif
| #define HAVE_TEMPLATE_REPOSITORY 1
| /* end confdefs.h.  */
| 
| /* Override any gcc2 internal prototype to avoid an error.  */
| #ifdef __cplusplus
| extern "C"
| #endif
| /* We use char because int might match the return type of a gcc2
|    builtin and then its argument prototype would still apply.  */
| char shl_unload ();
| int
| main ()
| {
| shl_unload ();
|   ;
|   return 0;
| }
configure:9303: result: no
configure:9316: checking for pthread_create in -lpthread
configure:9346: gcc -o conftest -O2  -g -O2   conftest.c -lpthread  -lnsl  >&5
configure:9352: $? = 0
configure:9356: test -z 
			 || test ! -s conftest.err
configure:9359: $? = 0
configure:9362: test -s conftest
configure:9365: $? = 0
configure:9378: result: yes
configure:9387: checking for Python directory
configure:9415: result: /usr/local
configure:9430: checking for Python2.2
configure: 9440: /usr/local/include/Python.h
configure: 9440: /usr/include/Python.h
configure: 9440: /usr/local/include//Python.h
configure: 9456: /usr/local/include/python2.2/Python.h
configure: 9456: /usr/include/python2.2/Python.h
taking that
configure: 9480: /usr/local/lib/libpython2.2.a
configure: 9480: /usr/lib/libpython2.2.a
configure: 9480: /usr/local/libpython2.2.a
configure: 9480: /usr/lib/libpython2.2.a
configure: 9496: /usr/local/lib/python2.2/config/libpython2.2.a
configure: 9496: /usr/lib/python2.2/config/libpython2.2.a
taking that
configure: 9524: /usr/local/lib/python2.2/copy.py
configure: 9524: /usr/lib/python2.2/copy.py
taking that
configure:9540: result: header /usr/include/python2.2 library /usr/lib/python2.2/config modules /usr/lib/python2.2
configure:14001: checking if a Python application links
configure:14047: gcc -o conftest -O2  -g -O2 -I/usr/include/python2.2   -L/usr/lib/python2.2/config conftest.c -lnsl  -lpython2.2  -ldl  >&5
/usr/lib/python2.2/config/libpython2.2.a(posixmodule.o)(.text+0x37d2): In function `posix_tmpnam':
: warning: the use of `tmpnam_r' is dangerous, better use `mkstemp'
/usr/lib/python2.2/config/libpython2.2.a(posixmodule.o)(.text+0x36d9): In function `posix_tempnam':
: warning: the use of `tempnam' is dangerous, better use `mkstemp'
/usr/lib/python2.2/config/libpython2.2.a(thread.o)(.text+0x3e1): In function `PyThread_start_new_thread':
: undefined reference to `pthread_sigmask'
/usr/lib/python2.2/config/libpython2.2.a(thread.o)(.text+0x401): In function `PyThread_start_new_thread':
: undefined reference to `pthread_create'
/usr/lib/python2.2/config/libpython2.2.a(thread.o)(.text+0x41b): In function `PyThread_start_new_thread':
: undefined reference to `pthread_sigmask'
/usr/lib/python2.2/config/libpython2.2.a(thread.o)(.text+0x44a): In function `PyThread_start_new_thread':
: undefined reference to `pthread_detach'
/usr/lib/python2.2/config/libpython2.2.a(posixmodule.o)(.text+0x16eb): In function `posix_openpty':
: undefined reference to `openpty'
/usr/lib/python2.2/config/libpython2.2.a(posixmodule.o)(.text+0x176f): In function `posix_forkpty':
: undefined reference to `forkpty'
/usr/lib/python2.2/config/libpython2.2.a(complexobject.o)(.text+0x201): In function `_Py_c_pow':
: undefined reference to `pow'
/usr/lib/python2.2/config/libpython2.2.a(complexobject.o)(.text+0x23d): In function `_Py_c_pow':
: undefined reference to `cos'
/usr/lib/python2.2/config/libpython2.2.a(complexobject.o)(.text+0x24e): In function `_Py_c_pow':
: undefined reference to `sin'
/usr/lib/python2.2/config/libpython2.2.a(complexobject.o)(.text+0x266): In function `_Py_c_pow':
: undefined reference to `exp'
/usr/lib/python2.2/config/libpython2.2.a(complexobject.o)(.text+0x278): In function `_Py_c_pow':
: undefined reference to `log'
/usr/lib/python2.2/config/libpython2.2.a(floatobject.o)(.text+0x2716): In function `float_pow':
: undefined reference to `pow'
collect2: ld returned 1 exit status
configure:14053: $? = 1
configure: failed program was:
| /* confdefs.h.  */
| 
| #define PACKAGE_NAME ""
| #define PACKAGE_TARNAME ""
| #define PACKAGE_VERSION ""
| #define PACKAGE_STRING ""
| #define PACKAGE_BUGREPORT ""
| #define PACKAGE "scribus-vlna"
| #define VERSION "0.3.7"
| #define HAVE_FREETYPE 1
| #define STDC_HEADERS 1
| #define HAVE_SYS_TYPES_H 1
| #define HAVE_SYS_STAT_H 1
| #define HAVE_STDLIB_H 1
| #define HAVE_STRING_H 1
| #define HAVE_MEMORY_H 1
| #define HAVE_STRINGS_H 1
| #define HAVE_INTTYPES_H 1
| #define HAVE_STDINT_H 1
| #define HAVE_UNISTD_H 1
| #define CMS_INC "lcms/lcms.h"
| #define HAVE_CMS 1
| #define HAVE_TIFF 1
| #define PREL "/home/subzero/devel/SCRIBUS"
| #ifdef __cplusplus
| extern "C" void std::exit (int) throw (); using std::exit;
| #endif
| #define HAVE_TEMPLATE_REPOSITORY 1
| /* end confdefs.h.  */
| 
| #include <Python.h>
| 
| int
| main ()
| {
| 
| 	PySys_SetArgv(1, 0);
| 
|   ;
|   return 0;
| }
configure:14094: result: no
configure:14115: checking if Python depends on -lm
configure:14158: gcc -o conftest -O2  -g -O2 -I/usr/include/python2.2   -L/usr/lib/python2.2/config conftest.c -lnsl  -lpython2.2 -lm -ldl  >&5
/usr/lib/python2.2/config/libpython2.2.a(posixmodule.o)(.text+0x37d2): In function `posix_tmpnam':
: warning: the use of `tmpnam_r' is dangerous, better use `mkstemp'
/usr/lib/python2.2/config/libpython2.2.a(posixmodule.o)(.text+0x36d9): In function `posix_tempnam':
: warning: the use of `tempnam' is dangerous, better use `mkstemp'
/usr/lib/python2.2/config/libpython2.2.a(thread.o)(.text+0x3e1): In function `PyThread_start_new_thread':
: undefined reference to `pthread_sigmask'
/usr/lib/python2.2/config/libpython2.2.a(thread.o)(.text+0x401): In function `PyThread_start_new_thread':
: undefined reference to `pthread_create'
/usr/lib/python2.2/config/libpython2.2.a(thread.o)(.text+0x41b): In function `PyThread_start_new_thread':
: undefined reference to `pthread_sigmask'
/usr/lib/python2.2/config/libpython2.2.a(thread.o)(.text+0x44a): In function `PyThread_start_new_thread':
: undefined reference to `pthread_detach'
/usr/lib/python2.2/config/libpython2.2.a(posixmodule.o)(.text+0x16eb): In function `posix_openpty':
: undefined reference to `openpty'
/usr/lib/python2.2/config/libpython2.2.a(posixmodule.o)(.text+0x176f): In function `posix_forkpty':
: undefined reference to `forkpty'
collect2: ld returned 1 exit status
configure:14164: $? = 1
configure: failed program was:
| /* confdefs.h.  */
| 
| #define PACKAGE_NAME ""
| #define PACKAGE_TARNAME ""
| #define PACKAGE_VERSION ""
| #define PACKAGE_STRING ""
| #define PACKAGE_BUGREPORT ""
| #define PACKAGE "scribus-vlna"
| #define VERSION "0.3.7"
| #define HAVE_FREETYPE 1
| #define STDC_HEADERS 1
| #define HAVE_SYS_TYPES_H 1
| #define HAVE_SYS_STAT_H 1
| #define HAVE_STDLIB_H 1
| #define HAVE_STRING_H 1
| #define HAVE_MEMORY_H 1
| #define HAVE_STRINGS_H 1
| #define HAVE_INTTYPES_H 1
| #define HAVE_STDINT_H 1
| #define HAVE_UNISTD_H 1
| #define CMS_INC "lcms/lcms.h"
| #define HAVE_CMS 1
| #define HAVE_TIFF 1
| #define PREL "/home/subzero/devel/SCRIBUS"
| #ifdef __cplusplus
| extern "C" void std::exit (int) throw (); using std::exit;
| #endif
| #define HAVE_TEMPLATE_REPOSITORY 1
| /* end confdefs.h.  */
| 
| #include <Python.h>
| 
| int
| main ()
| {
| 
| 	PySys_SetArgv(1, 0);
| 
|   ;
|   return 0;
| }
configure:14205: result: no
configure:14226: checking if Python depends on -lpthread
configure:14269: gcc -o conftest -O2  -g -O2 -I/usr/include/python2.2   -L/usr/lib/python2.2/config conftest.c -lnsl  -lpython2.2 -lpthread -ldl  >&5
/usr/lib/python2.2/config/libpython2.2.a(posixmodule.o)(.text+0x37d2): In function `posix_tmpnam':
: warning: the use of `tmpnam_r' is dangerous, better use `mkstemp'
/usr/lib/python2.2/config/libpython2.2.a(posixmodule.o)(.text+0x36d9): In function `posix_tempnam':
: warning: the use of `tempnam' is dangerous, better use `mkstemp'
/usr/lib/python2.2/config/libpython2.2.a(posixmodule.o)(.text+0x16eb): In function `posix_openpty':
: undefined reference to `openpty'
/usr/lib/python2.2/config/libpython2.2.a(posixmodule.o)(.text+0x176f): In function `posix_forkpty':
: undefined reference to `forkpty'
/usr/lib/python2.2/config/libpython2.2.a(complexobject.o)(.text+0x201): In function `_Py_c_pow':
: undefined reference to `pow'
/usr/lib/python2.2/config/libpython2.2.a(complexobject.o)(.text+0x23d): In function `_Py_c_pow':
: undefined reference to `cos'
/usr/lib/python2.2/config/libpython2.2.a(complexobject.o)(.text+0x24e): In function `_Py_c_pow':
: undefined reference to `sin'
/usr/lib/python2.2/config/libpython2.2.a(complexobject.o)(.text+0x266): In function `_Py_c_pow':
: undefined reference to `exp'
/usr/lib/python2.2/config/libpython2.2.a(complexobject.o)(.text+0x278): In function `_Py_c_pow':
: undefined reference to `log'
/usr/lib/python2.2/config/libpython2.2.a(floatobject.o)(.text+0x2716): In function `float_pow':
: undefined reference to `pow'
collect2: ld returned 1 exit status
configure:14275: $? = 1
configure: failed program was:
| /* confdefs.h.  */
| 
| #define PACKAGE_NAME ""
| #define PACKAGE_TARNAME ""
| #define PACKAGE_VERSION ""
| #define PACKAGE_STRING ""
| #define PACKAGE_BUGREPORT ""
| #define PACKAGE "scribus-vlna"
| #define VERSION "0.3.7"
| #define HAVE_FREETYPE 1
| #define STDC_HEADERS 1
| #define HAVE_SYS_TYPES_H 1
| #define HAVE_SYS_STAT_H 1
| #define HAVE_STDLIB_H 1
| #define HAVE_STRING_H 1
| #define HAVE_MEMORY_H 1
| #define HAVE_STRINGS_H 1
| #define HAVE_INTTYPES_H 1
| #define HAVE_STDINT_H 1
| #define HAVE_UNISTD_H 1
| #define CMS_INC "lcms/lcms.h"
| #define HAVE_CMS 1
| #define HAVE_TIFF 1
| #define PREL "/home/subzero/devel/SCRIBUS"
| #ifdef __cplusplus
| extern "C" void std::exit (int) throw (); using std::exit;
| #endif
| #define HAVE_TEMPLATE_REPOSITORY 1
| /* end confdefs.h.  */
| 
| #include <Python.h>
| 
| int
| main ()
| {
| 
| 	PySys_SetArgv(1, 0);
| 
|   ;
|   return 0;
| }
configure:14316: result: no
configure:14337: checking if Python depends on -ltcl
configure:14380: gcc -o conftest -O2  -g -O2 -I/usr/include/python2.2   -L/usr/lib/python2.2/config conftest.c -lnsl  -lpython2.2 -ltcl -ldl  >&5
/usr/lib/python2.2/config/libpython2.2.a(posixmodule.o)(.text+0x37d2): In function `posix_tmpnam':
: warning: the use of `tmpnam_r' is dangerous, better use `mkstemp'
/usr/lib/python2.2/config/libpython2.2.a(posixmodule.o)(.text+0x36d9): In function `posix_tempnam':
: warning: the use of `tempnam' is dangerous, better use `mkstemp'
/usr/lib/python2.2/config/libpython2.2.a(thread.o)(.text+0x3e1): In function `PyThread_start_new_thread':
: undefined reference to `pthread_sigmask'
/usr/lib/python2.2/config/libpython2.2.a(thread.o)(.text+0x401): In function `PyThread_start_new_thread':
: undefined reference to `pthread_create'
/usr/lib/python2.2/config/libpython2.2.a(thread.o)(.text+0x41b): In function `PyThread_start_new_thread':
: undefined reference to `pthread_sigmask'
/usr/lib/python2.2/config/libpython2.2.a(thread.o)(.text+0x44a): In function `PyThread_start_new_thread':
: undefined reference to `pthread_detach'
/usr/lib/python2.2/config/libpython2.2.a(posixmodule.o)(.text+0x16eb): In function `posix_openpty':
: undefined reference to `openpty'
/usr/lib/python2.2/config/libpython2.2.a(posixmodule.o)(.text+0x176f): In function `posix_forkpty':
: undefined reference to `forkpty'
collect2: ld returned 1 exit status
configure:14386: $? = 1
configure: failed program was:
| /* confdefs.h.  */
| 
| #define PACKAGE_NAME ""
| #define PACKAGE_TARNAME ""
| #define PACKAGE_VERSION ""
| #define PACKAGE_STRING ""
| #define PACKAGE_BUGREPORT ""
| #define PACKAGE "scribus-vlna"
| #define VERSION "0.3.7"
| #define HAVE_FREETYPE 1
| #define STDC_HEADERS 1
| #define HAVE_SYS_TYPES_H 1
| #define HAVE_SYS_STAT_H 1
| #define HAVE_STDLIB_H 1
| #define HAVE_STRING_H 1
| #define HAVE_MEMORY_H 1
| #define HAVE_STRINGS_H 1
| #define HAVE_INTTYPES_H 1
| #define HAVE_STDINT_H 1
| #define HAVE_UNISTD_H 1
| #define CMS_INC "lcms/lcms.h"
| #define HAVE_CMS 1
| #define HAVE_TIFF 1
| #define PREL "/home/subzero/devel/SCRIBUS"
| #ifdef __cplusplus
| extern "C" void std::exit (int) throw (); using std::exit;
| #endif
| #define HAVE_TEMPLATE_REPOSITORY 1
| /* end confdefs.h.  */
| 
| #include <Python.h>
| 
| int
| main ()
| {
| 
| 	PySys_SetArgv(1, 0);
| 
|   ;
|   return 0;
| }
configure:14427: result: no
configure:14448: checking if Python depends on -ldb2
configure:14491: gcc -o conftest -O2  -g -O2 -I/usr/include/python2.2   -L/usr/lib/python2.2/config conftest.c -lnsl  -lpython2.2 -ldb2 -ldl  >&5
/usr/lib/gcc/i586-pc-linux-gnu/3.4.3/../../../../i586-pc-linux-gnu/bin/ld: cannot find -ldb2
collect2: ld returned 1 exit status
configure:14497: $? = 1
configure: failed program was:
| /* confdefs.h.  */
| 
| #define PACKAGE_NAME ""
| #define PACKAGE_TARNAME ""
| #define PACKAGE_VERSION ""
| #define PACKAGE_STRING ""
| #define PACKAGE_BUGREPORT ""
| #define PACKAGE "scribus-vlna"
| #define VERSION "0.3.7"
| #define HAVE_FREETYPE 1
| #define STDC_HEADERS 1
| #define HAVE_SYS_TYPES_H 1
| #define HAVE_SYS_STAT_H 1
| #define HAVE_STDLIB_H 1
| #define HAVE_STRING_H 1
| #define HAVE_MEMORY_H 1
| #define HAVE_STRINGS_H 1
| #define HAVE_INTTYPES_H 1
| #define HAVE_STDINT_H 1
| #define HAVE_UNISTD_H 1
| #define CMS_INC "lcms/lcms.h"
| #define HAVE_CMS 1
| #define HAVE_TIFF 1
| #define PREL "/home/subzero/devel/SCRIBUS"
| #ifdef __cplusplus
| extern "C" void std::exit (int) throw (); using std::exit;
| #endif
| #define HAVE_TEMPLATE_REPOSITORY 1
| /* end confdefs.h.  */
| 
| #include <Python.h>
| 
| int
| main ()
| {
| 
| 	PySys_SetArgv(1, 0);
| 
|   ;
|   return 0;
| }
configure:14538: result: no
configure:14559: checking if Python depends on -lpthread -lm
configure:14602: gcc -o conftest -O2  -g -O2 -I/usr/include/python2.2   -L/usr/lib/python2.2/config conftest.c -lnsl  -lpython2.2 -lpthread -lm -ldl  >&5
/usr/lib/python2.2/config/libpython2.2.a(posixmodule.o)(.text+0x37d2): In function `posix_tmpnam':
: warning: the use of `tmpnam_r' is dangerous, better use `mkstemp'
/usr/lib/python2.2/config/libpython2.2.a(posixmodule.o)(.text+0x36d9): In function `posix_tempnam':
: warning: the use of `tempnam' is dangerous, better use `mkstemp'
/usr/lib/python2.2/config/libpython2.2.a(posixmodule.o)(.text+0x16eb): In function `posix_openpty':
: undefined reference to `openpty'
/usr/lib/python2.2/config/libpython2.2.a(posixmodule.o)(.text+0x176f): In function `posix_forkpty':
: undefined reference to `forkpty'
collect2: ld returned 1 exit status
configure:14608: $? = 1
configure: failed program was:
| /* confdefs.h.  */
| 
| #define PACKAGE_NAME ""
| #define PACKAGE_TARNAME ""
| #define PACKAGE_VERSION ""
| #define PACKAGE_STRING ""
| #define PACKAGE_BUGREPORT ""
| #define PACKAGE "scribus-vlna"
| #define VERSION "0.3.7"
| #define HAVE_FREETYPE 1
| #define STDC_HEADERS 1
| #define HAVE_SYS_TYPES_H 1
| #define HAVE_SYS_STAT_H 1
| #define HAVE_STDLIB_H 1
| #define HAVE_STRING_H 1
| #define HAVE_MEMORY_H 1
| #define HAVE_STRINGS_H 1
| #define HAVE_INTTYPES_H 1
| #define HAVE_STDINT_H 1
| #define HAVE_UNISTD_H 1
| #define CMS_INC "lcms/lcms.h"
| #define HAVE_CMS 1
| #define HAVE_TIFF 1
| #define PREL "/home/subzero/devel/SCRIBUS"
| #ifdef __cplusplus
| extern "C" void std::exit (int) throw (); using std::exit;
| #endif
| #define HAVE_TEMPLATE_REPOSITORY 1
| /* end confdefs.h.  */
| 
| #include <Python.h>
| 
| int
| main ()
| {
| 
| 	PySys_SetArgv(1, 0);
| 
|   ;
|   return 0;
| }
configure:14649: result: no
configure:14670: checking if Python depends on -lpthread -lm -lutil
configure:14713: gcc -o conftest -O2  -g -O2 -I/usr/include/python2.2   -L/usr/lib/python2.2/config conftest.c -lnsl  -lpython2.2 -lpthread -lm -lutil -ldl  >&5
/usr/lib/python2.2/config/libpython2.2.a(posixmodule.o)(.text+0x37d2): In function `posix_tmpnam':
: warning: the use of `tmpnam_r' is dangerous, better use `mkstemp'
/usr/lib/python2.2/config/libpython2.2.a(posixmodule.o)(.text+0x36d9): In function `posix_tempnam':
: warning: the use of `tempnam' is dangerous, better use `mkstemp'
configure:14719: $? = 0
configure:14723: test -z 
			 || test ! -s conftest.err
configure:14726: $? = 0
configure:14729: test -s conftest
configure:14732: $? = 0
configure:14752: result: yes
configure:15361: checking cups/cups.h usability
configure:15373: gcc -c -O2  -g -O2  conftest.c >&5
configure:15379: $? = 0
configure:15383: test -z 
			 || test ! -s conftest.err
configure:15386: $? = 0
configure:15389: test -s conftest.o
configure:15392: $? = 0
configure:15402: result: yes
configure:15406: checking cups/cups.h presence
configure:15416: gcc -E  conftest.c
configure:15422: $? = 0
configure:15442: result: yes
configure:15477: checking for cups/cups.h
configure:15484: result: yes
configure:15515: checking for main in -lutil
configure:15539: gcc -o conftest -O2  -g -O2   conftest.c -lutil  -lnsl  >&5
configure:15545: $? = 0
configure:15549: test -z 
			 || test ! -s conftest.err
configure:15552: $? = 0
configure:15555: test -s conftest
configure:15558: $? = 0
configure:15571: result: yes
configure:15577: checking for main in -lcompat
configure:15601: gcc -o conftest -O2  -g -O2   conftest.c -lcompat  -lnsl  >&5
/usr/lib/gcc/i586-pc-linux-gnu/3.4.3/../../../../i586-pc-linux-gnu/bin/ld: cannot find -lcompat
collect2: ld returned 1 exit status
configure:15607: $? = 1
configure: failed program was:
| /* confdefs.h.  */
| 
| #define PACKAGE_NAME ""
| #define PACKAGE_TARNAME ""
| #define PACKAGE_VERSION ""
| #define PACKAGE_STRING ""
| #define PACKAGE_BUGREPORT ""
| #define PACKAGE "scribus-vlna"
| #define VERSION "0.3.7"
| #define HAVE_FREETYPE 1
| #define STDC_HEADERS 1
| #define HAVE_SYS_TYPES_H 1
| #define HAVE_SYS_STAT_H 1
| #define HAVE_STDLIB_H 1
| #define HAVE_STRING_H 1
| #define HAVE_MEMORY_H 1
| #define HAVE_STRINGS_H 1
| #define HAVE_INTTYPES_H 1
| #define HAVE_STDINT_H 1
| #define HAVE_UNISTD_H 1
| #define CMS_INC "lcms/lcms.h"
| #define HAVE_CMS 1
| #define HAVE_TIFF 1
| #define PREL "/home/subzero/devel/SCRIBUS"
| #ifdef __cplusplus
| extern "C" void std::exit (int) throw (); using std::exit;
| #endif
| #define HAVE_TEMPLATE_REPOSITORY 1
| #define HAVE_PYTHON 1
| #define HAVE_CUPS 1
| /* end confdefs.h.  */
| 
| 
| int
| main ()
| {
| main ();
|   ;
|   return 0;
| }
configure:15633: result: no
configure:15640: checking for crypt in -lcrypt
configure:15670: gcc -o conftest -O2  -g -O2   conftest.c -lcrypt  -lnsl  >&5
configure:15676: $? = 0
configure:15680: test -z 
			 || test ! -s conftest.err
configure:15683: $? = 0
configure:15686: test -s conftest
configure:15689: $? = 0
configure:15702: result: yes
configure:15796: checking for socklen_t
configure:15835: g++ -c -O2 -fno-exceptions -fno-check-new  conftest.cc >&5
configure:15841: $? = 0
configure:15845: test -z 
			 || test ! -s conftest.err
configure:15848: $? = 0
configure:15851: test -s conftest.o
configure:15854: $? = 0
configure:15926: result: socklen_t
configure:15948: checking for dnet_ntoa in -ldnet
configure:15978: gcc -o conftest -O2  -g -O2   conftest.c -ldnet  -lnsl  >&5
/usr/lib/gcc/i586-pc-linux-gnu/3.4.3/../../../../i586-pc-linux-gnu/bin/ld: cannot find -ldnet
collect2: ld returned 1 exit status
configure:15984: $? = 1
configure: failed program was:
| /* confdefs.h.  */
| 
| #define PACKAGE_NAME ""
| #define PACKAGE_TARNAME ""
| #define PACKAGE_VERSION ""
| #define PACKAGE_STRING ""
| #define PACKAGE_BUGREPORT ""
| #define PACKAGE "scribus-vlna"
| #define VERSION "0.3.7"
| #define HAVE_FREETYPE 1
| #define STDC_HEADERS 1
| #define HAVE_SYS_TYPES_H 1
| #define HAVE_SYS_STAT_H 1
| #define HAVE_STDLIB_H 1
| #define HAVE_STRING_H 1
| #define HAVE_MEMORY_H 1
| #define HAVE_STRINGS_H 1
| #define HAVE_INTTYPES_H 1
| #define HAVE_STDINT_H 1
| #define HAVE_UNISTD_H 1
| #define CMS_INC "lcms/lcms.h"
| #define HAVE_CMS 1
| #define HAVE_TIFF 1
| #define PREL "/home/subzero/devel/SCRIBUS"
| #ifdef __cplusplus
| extern "C" void std::exit (int) throw (); using std::exit;
| #endif
| #define HAVE_TEMPLATE_REPOSITORY 1
| #define HAVE_PYTHON 1
| #define HAVE_CUPS 1
| #define HAVE_CRYPT 1
| #define ksize_t socklen_t
| /* end confdefs.h.  */
| 
| /* Override any gcc2 internal prototype to avoid an error.  */
| #ifdef __cplusplus
| extern "C"
| #endif
| /* We use char because int might match the return type of a gcc2
|    builtin and then its argument prototype would still apply.  */
| char dnet_ntoa ();
| int
| main ()
| {
| dnet_ntoa ();
|   ;
|   return 0;
| }
configure:16010: result: no
configure:16017: checking for dnet_ntoa in -ldnet_stub
configure:16047: gcc -o conftest -O2  -g -O2   conftest.c -ldnet_stub  -lnsl  >&5
/usr/lib/gcc/i586-pc-linux-gnu/3.4.3/../../../../i586-pc-linux-gnu/bin/ld: cannot find -ldnet_stub
collect2: ld returned 1 exit status
configure:16053: $? = 1
configure: failed program was:
| /* confdefs.h.  */
| 
| #define PACKAGE_NAME ""
| #define PACKAGE_TARNAME ""
| #define PACKAGE_VERSION ""
| #define PACKAGE_STRING ""
| #define PACKAGE_BUGREPORT ""
| #define PACKAGE "scribus-vlna"
| #define VERSION "0.3.7"
| #define HAVE_FREETYPE 1
| #define STDC_HEADERS 1
| #define HAVE_SYS_TYPES_H 1
| #define HAVE_SYS_STAT_H 1
| #define HAVE_STDLIB_H 1
| #define HAVE_STRING_H 1
| #define HAVE_MEMORY_H 1
| #define HAVE_STRINGS_H 1
| #define HAVE_INTTYPES_H 1
| #define HAVE_STDINT_H 1
| #define HAVE_UNISTD_H 1
| #define CMS_INC "lcms/lcms.h"
| #define HAVE_CMS 1
| #define HAVE_TIFF 1
| #define PREL "/home/subzero/devel/SCRIBUS"
| #ifdef __cplusplus
| extern "C" void std::exit (int) throw (); using std::exit;
| #endif
| #define HAVE_TEMPLATE_REPOSITORY 1
| #define HAVE_PYTHON 1
| #define HAVE_CUPS 1
| #define HAVE_CRYPT 1
| #define ksize_t socklen_t
| /* end confdefs.h.  */
| 
| /* Override any gcc2 internal prototype to avoid an error.  */
| #ifdef __cplusplus
| extern "C"
| #endif
| /* We use char because int might match the return type of a gcc2
|    builtin and then its argument prototype would still apply.  */
| char dnet_ntoa ();
| int
| main ()
| {
| dnet_ntoa ();
|   ;
|   return 0;
| }
configure:16079: result: no
configure:16086: checking for inet_ntoa
configure:16143: gcc -o conftest -O2  -g -O2   conftest.c -lnsl  >&5
configure:16149: $? = 0
configure:16153: test -z 
			 || test ! -s conftest.err
configure:16156: $? = 0
configure:16159: test -s conftest
configure:16162: $? = 0
configure:16174: result: yes
configure:16247: checking for connect
configure:16304: gcc -o conftest -O2  -g -O2   conftest.c -lnsl  >&5
configure:16310: $? = 0
configure:16314: test -z 
			 || test ! -s conftest.err
configure:16317: $? = 0
configure:16320: test -s conftest
configure:16323: $? = 0
configure:16335: result: yes
configure:16409: checking for remove
configure:16466: gcc -o conftest -O2  -g -O2   conftest.c -lnsl  >&5
configure:16472: $? = 0
configure:16476: test -z 
			 || test ! -s conftest.err
configure:16479: $? = 0
configure:16482: test -s conftest
configure:16485: $? = 0
configure:16497: result: yes
configure:16572: checking for shmat
configure:16629: gcc -o conftest -O2  -g -O2   conftest.c -lnsl  >&5
configure:16635: $? = 0
configure:16639: test -z 
			 || test ! -s conftest.err
configure:16642: $? = 0
configure:16645: test -s conftest
configure:16648: $? = 0
configure:16660: result: yes
configure:16741: checking for res_init
configure:16798: gcc -o conftest -O2  -g -O2   conftest.c -lnsl  >&5
/tmp/ccYt7rLE.o(.text+0x11): In function `main':
/home/subzero/devel/Subik/scribus-short-words/conftest.c:74: undefined reference to `res_init'
/tmp/ccYt7rLE.o(.data+0x0): undefined reference to `res_init'
collect2: ld returned 1 exit status
configure:16804: $? = 1
configure: failed program was:
| /* confdefs.h.  */
| 
| #define PACKAGE_NAME ""
| #define PACKAGE_TARNAME ""
| #define PACKAGE_VERSION ""
| #define PACKAGE_STRING ""
| #define PACKAGE_BUGREPORT ""
| #define PACKAGE "scribus-vlna"
| #define VERSION "0.3.7"
| #define HAVE_FREETYPE 1
| #define STDC_HEADERS 1
| #define HAVE_SYS_TYPES_H 1
| #define HAVE_SYS_STAT_H 1
| #define HAVE_STDLIB_H 1
| #define HAVE_STRING_H 1
| #define HAVE_MEMORY_H 1
| #define HAVE_STRINGS_H 1
| #define HAVE_INTTYPES_H 1
| #define HAVE_STDINT_H 1
| #define HAVE_UNISTD_H 1
| #define CMS_INC "lcms/lcms.h"
| #define HAVE_CMS 1
| #define HAVE_TIFF 1
| #define PREL "/home/subzero/devel/SCRIBUS"
| #ifdef __cplusplus
| extern "C" void std::exit (int) throw (); using std::exit;
| #endif
| #define HAVE_TEMPLATE_REPOSITORY 1
| #define HAVE_PYTHON 1
| #define HAVE_CUPS 1
| #define HAVE_CRYPT 1
| #define ksize_t socklen_t
| /* end confdefs.h.  */
| /* Define res_init to an innocuous variant, in case <limits.h> declares res_init.
|    For example, HP-UX 11i <limits.h> declares gettimeofday.  */
| #define res_init innocuous_res_init
| 
| /* System header to define __stub macros and hopefully few prototypes,
|     which can conflict with char res_init (); below.
|     Prefer <limits.h> to <assert.h> if __STDC__ is defined, since
|     <limits.h> exists even on freestanding compilers.  */
| 
| #ifdef __STDC__
| # include <limits.h>
| #else
| # include <assert.h>
| #endif
| 
| #undef res_init
| 
| /* Override any gcc2 internal prototype to avoid an error.  */
| #ifdef __cplusplus
| extern "C"
| {
| #endif
| /* We use char because int might match the return type of a gcc2
|    builtin and then its argument prototype would still apply.  */
| char res_init ();
| /* The GNU C library defines this for functions which it implements
|     to always fail with ENOSYS.  Some functions are actually named
|     something starting with __ and the normal name is an alias.  */
| #if defined (__stub_res_init) || defined (__stub___res_init)
| choke me
| #else
| char (*f) () = res_init;
| #endif
| #ifdef __cplusplus
| }
| #endif
| 
| int
| main ()
| {
| return f != res_init;
|   ;
|   return 0;
| }
configure:16829: result: no
configure:16860: gcc -o conftest -O2  -g -O2   conftest.c -lnsl   -lresolv >&5
configure:16866: $? = 0
configure:16870: test -z 
			 || test ! -s conftest.err
configure:16873: $? = 0
configure:16876: test -s conftest
configure:16879: $? = 0
configure:16906: checking for killpg in -lucb
configure:16936: gcc -o conftest -O2  -g -O2   conftest.c -lucb  -lnsl  >&5
/usr/lib/gcc/i586-pc-linux-gnu/3.4.3/../../../../i586-pc-linux-gnu/bin/ld: cannot find -lucb
collect2: ld returned 1 exit status
configure:16942: $? = 1
configure: failed program was:
| /* confdefs.h.  */
| 
| #define PACKAGE_NAME ""
| #define PACKAGE_TARNAME ""
| #define PACKAGE_VERSION ""
| #define PACKAGE_STRING ""
| #define PACKAGE_BUGREPORT ""
| #define PACKAGE "scribus-vlna"
| #define VERSION "0.3.7"
| #define HAVE_FREETYPE 1
| #define STDC_HEADERS 1
| #define HAVE_SYS_TYPES_H 1
| #define HAVE_SYS_STAT_H 1
| #define HAVE_STDLIB_H 1
| #define HAVE_STRING_H 1
| #define HAVE_MEMORY_H 1
| #define HAVE_STRINGS_H 1
| #define HAVE_INTTYPES_H 1
| #define HAVE_STDINT_H 1
| #define HAVE_UNISTD_H 1
| #define CMS_INC "lcms/lcms.h"
| #define HAVE_CMS 1
| #define HAVE_TIFF 1
| #define PREL "/home/subzero/devel/SCRIBUS"
| #ifdef __cplusplus
| extern "C" void std::exit (int) throw (); using std::exit;
| #endif
| #define HAVE_TEMPLATE_REPOSITORY 1
| #define HAVE_PYTHON 1
| #define HAVE_CUPS 1
| #define HAVE_CRYPT 1
| #define ksize_t socklen_t
| #define HAVE_RES_INIT 1
| /* end confdefs.h.  */
| 
| /* Override any gcc2 internal prototype to avoid an error.  */
| #ifdef __cplusplus
| extern "C"
| #endif
| /* We use char because int might match the return type of a gcc2
|    builtin and then its argument prototype would still apply.  */
| char killpg ();
| int
| main ()
| {
| killpg ();
|   ;
|   return 0;
| }
configure:16968: result: no
configure:17051: checking for int
configure:17075: gcc -c -O2  -g -O2  conftest.c >&5
configure:17081: $? = 0
configure:17085: test -z 
			 || test ! -s conftest.err
configure:17088: $? = 0
configure:17091: test -s conftest.o
configure:17094: $? = 0
configure:17105: result: yes
configure:17108: checking size of int
configure:17427: gcc -o conftest -O2  -g -O2   conftest.c -lnsl  >&5
configure:17430: $? = 0
configure:17432: ./conftest
configure:17435: $? = 0
configure:17458: result: 4
configure:17464: checking for long
configure:17488: gcc -c -O2  -g -O2  conftest.c >&5
configure:17494: $? = 0
configure:17498: test -z 
			 || test ! -s conftest.err
configure:17501: $? = 0
configure:17504: test -s conftest.o
configure:17507: $? = 0
configure:17518: result: yes
configure:17521: checking size of long
configure:17840: gcc -o conftest -O2  -g -O2   conftest.c -lnsl  >&5
configure:17843: $? = 0
configure:17845: ./conftest
configure:17848: $? = 0
configure:17871: result: 4
configure:17877: checking for char *
configure:17901: gcc -c -O2  -g -O2  conftest.c >&5
configure:17907: $? = 0
configure:17911: test -z 
			 || test ! -s conftest.err
configure:17914: $? = 0
configure:17917: test -s conftest.o
configure:17920: $? = 0
configure:17931: result: yes
configure:17934: checking size of char *
configure:18253: gcc -o conftest -O2  -g -O2   conftest.c -lnsl  >&5
configure:18256: $? = 0
configure:18258: ./conftest
configure:18261: $? = 0
configure:18284: result: 4
configure:18290: checking for char
configure:18314: gcc -c -O2  -g -O2  conftest.c >&5
configure:18320: $? = 0
configure:18324: test -z 
			 || test ! -s conftest.err
configure:18327: $? = 0
configure:18330: test -s conftest.o
configure:18333: $? = 0
configure:18344: result: yes
configure:18347: checking size of char
configure:18666: gcc -o conftest -O2  -g -O2   conftest.c -lnsl  >&5
configure:18669: $? = 0
configure:18671: ./conftest
configure:18674: $? = 0
configure:18697: result: 1
configure:18705: checking for dlopen in -ldl
configure:18767: result: yes
configure:18777: checking for shl_unload in -ldld
configure:18839: result: no
configure:18874: checking for X
configure:18916: gcc -E  conftest.c
configure:18922: $? = 0
configure:19013: gcc -o conftest -O2  -g -O2   conftest.c -lXt -lnsl  >&5
/usr/lib/gcc/i586-pc-linux-gnu/3.4.3/../../../../i586-pc-linux-gnu/bin/ld: cannot find -lXt
collect2: ld returned 1 exit status
configure:19019: $? = 1
configure: failed program was:
| /* confdefs.h.  */
| 
| #define PACKAGE_NAME ""
| #define PACKAGE_TARNAME ""
| #define PACKAGE_VERSION ""
| #define PACKAGE_STRING ""
| #define PACKAGE_BUGREPORT ""
| #define PACKAGE "scribus-vlna"
| #define VERSION "0.3.7"
| #define HAVE_FREETYPE 1
| #define STDC_HEADERS 1
| #define HAVE_SYS_TYPES_H 1
| #define HAVE_SYS_STAT_H 1
| #define HAVE_STDLIB_H 1
| #define HAVE_STRING_H 1
| #define HAVE_MEMORY_H 1
| #define HAVE_STRINGS_H 1
| #define HAVE_INTTYPES_H 1
| #define HAVE_STDINT_H 1
| #define HAVE_UNISTD_H 1
| #define CMS_INC "lcms/lcms.h"
| #define HAVE_CMS 1
| #define HAVE_TIFF 1
| #define PREL "/home/subzero/devel/SCRIBUS"
| #ifdef __cplusplus
| extern "C" void std::exit (int) throw (); using std::exit;
| #endif
| #define HAVE_TEMPLATE_REPOSITORY 1
| #define HAVE_PYTHON 1
| #define HAVE_CUPS 1
| #define HAVE_CRYPT 1
| #define ksize_t socklen_t
| #define HAVE_RES_INIT 1
| #define SIZEOF_INT 4
| #define SIZEOF_LONG 4
| #define SIZEOF_CHAR_P 4
| #define SIZEOF_CHAR 1
| /* end confdefs.h.  */
| 
| int
| main ()
| {
| XtMalloc()
|   ;
|   return 0;
| }
configure:19178: result: libraries /usr/X11R6/lib, headers /usr/X11R6/include
configure:19212: checking for IceConnectionNumber in -lICE
configure:19242: gcc -o conftest -O2  -g -O2   -L/usr/X11R6/lib conftest.c -lICE  -lresolv -lnsl  >&5
configure:19248: $? = 0
configure:19252: test -z 
			 || test ! -s conftest.err
configure:19255: $? = 0
configure:19258: test -s conftest
configure:19261: $? = 0
configure:19274: result: yes
configure:19288: checking for libXext
configure:19323: gcc -o conftest -O2  -g -O2   -L/usr/X11R6/lib  conftest.c -lXext -lX11  -lresolv >&5
configure:19329: $? = 0
configure:19333: test -z 
			 || test ! -s conftest.err
configure:19336: $? = 0
configure:19339: test -s conftest
configure:19342: $? = 0
configure:19361: result: yes
configure:19374: checking for Xinerama
configure:19458: result: no
configure:20024: checking for extra includes
configure:20052: result: no
configure:20056: checking for extra libs
configure:20085: result: no
configure:20091: checking for libz
configure:20125: gcc -o conftest -O2  -g -O2 -I/usr/X11R6/include   -D_REENTRANT  conftest.c -L/usr/X11R6/lib  -lz  -lresolv >&5
configure:20131: $? = 0
configure:20135: test -z 
			 || test ! -s conftest.err
configure:20138: $? = 0
configure:20141: test -s conftest
configure:20144: $? = 0
configure:20167: result: -lz
configure:20180: checking for libpng
configure:20222: gcc -o conftest -O2  -g -O2 -I/usr/X11R6/include   -D_REENTRANT  conftest.c -lnsl  -L/usr/X11R6/lib  -lpng -lz -lm -lX11  -lresolv >&5
configure:20228: $? = 0
configure:20232: test -z 
			 || test ! -s conftest.err
configure:20235: $? = 0
configure:20238: test -s conftest
configure:20241: $? = 0
configure:20265: result: -lpng -lz -lm
configure:20276: checking for libjpeg6b
configure:20322: gcc -o conftest -O2  -g -O2 -I/usr/X11R6/include   -D_REENTRANT  conftest.c -L/usr/X11R6/lib  -ljpeg6b -lm >&5
/usr/lib/gcc/i586-pc-linux-gnu/3.4.3/../../../../i586-pc-linux-gnu/bin/ld: cannot find -ljpeg6b
collect2: ld returned 1 exit status
configure:20328: $? = 1
configure: failed program was:
| /* confdefs.h.  */
| 
| #define PACKAGE_NAME ""
| #define PACKAGE_TARNAME ""
| #define PACKAGE_VERSION ""
| #define PACKAGE_STRING ""
| #define PACKAGE_BUGREPORT ""
| #define PACKAGE "scribus-vlna"
| #define VERSION "0.3.7"
| #define HAVE_FREETYPE 1
| #define STDC_HEADERS 1
| #define HAVE_SYS_TYPES_H 1
| #define HAVE_SYS_STAT_H 1
| #define HAVE_STDLIB_H 1
| #define HAVE_STRING_H 1
| #define HAVE_MEMORY_H 1
| #define HAVE_STRINGS_H 1
| #define HAVE_INTTYPES_H 1
| #define HAVE_STDINT_H 1
| #define HAVE_UNISTD_H 1
| #define CMS_INC "lcms/lcms.h"
| #define HAVE_CMS 1
| #define HAVE_TIFF 1
| #define PREL "/home/subzero/devel/SCRIBUS"
| #ifdef __cplusplus
| extern "C" void std::exit (int) throw (); using std::exit;
| #endif
| #define HAVE_TEMPLATE_REPOSITORY 1
| #define HAVE_PYTHON 1
| #define HAVE_CUPS 1
| #define HAVE_CRYPT 1
| #define ksize_t socklen_t
| #define HAVE_RES_INIT 1
| #define SIZEOF_INT 4
| #define SIZEOF_LONG 4
| #define SIZEOF_CHAR_P 4
| #define SIZEOF_CHAR 1
| #define HAVE_LIBZ 1
| #define HAVE_LIBPNG 1
| /* end confdefs.h.  */
| /* Override any gcc2 internal prototype to avoid an error.  */
| struct jpeg_decompress_struct;
| typedef struct jpeg_decompress_struct * j_decompress_ptr;
| typedef int size_t;
| #ifdef __cplusplus
| extern "C" {
| #endif
|     void jpeg_CreateDecompress(j_decompress_ptr cinfo,
|                                     int version, size_t structsize);
| #ifdef __cplusplus
| }
| #endif
| /* We use char because int might match the return type of a gcc2
|     builtin and then its argument prototype would still apply.  */
| 
| int
| main ()
| {
| jpeg_CreateDecompress(0L, 0, 0);
|   ;
|   return 0;
| }
configure:20363: result: no
configure:20366: checking for libjpeg
configure:20412: gcc -o conftest -O2  -g -O2 -I/usr/X11R6/include   -D_REENTRANT  conftest.c -L/usr/X11R6/lib  -ljpeg -lm >&5
configure:20418: $? = 0
configure:20422: test -z 
			 || test ! -s conftest.err
configure:20425: $? = 0
configure:20428: test -s conftest
configure:20431: $? = 0
configure:20450: result: -ljpeg
configure: 20474: /usr/include/jpeglib.h
taking that
configure:20644: checking for Qt
configure: 20709: /usr/qt/3/include/qstyle.h
taking that
tried NO
configure:20821: rm -rf SunWS_cache; g++ -o conftest -O2 -fno-exceptions -fno-check-new -I/usr/qt/3/include -I/usr/X11R6/include  -DQT_THREAD_SUPPORT  -D_REENTRANT  -L/usr/qt/3/lib -L/usr/X11R6/lib   conftest.cc -lnsl  -lqt-mt -lpng -lz -lm -ljpeg -ldl  -lXext -lX11 -lSM -lICE  -lresolv -lpthread 1>&5
configure:20824: $? = 0
configure:20883: result: libraries /usr/qt/3/lib, headers /usr/qt/3/include using -mt
configure:20893: checking if Qt compiles without flags
configure:20990: rm -rf SunWS_cache; g++ -o conftest -O2 -fno-exceptions -fno-check-new -I/usr/qt/3/include  -DQT_THREAD_SUPPORT  -D_REENTRANT  -L/usr/X11R6/lib conftest.cc -lqt-mt -lpng -lz -lm -ljpeg -ldl  -lXext -lX11 -lSM -lICE  -lresolv -lXext -lX11  -lresolv 1>&5
/usr/lib/gcc/i586-pc-linux-gnu/3.4.3/../../../../i586-pc-linux-gnu/bin/ld: cannot find -lqt-mt
collect2: ld returned 1 exit status
configure:20993: $? = 1
configure: failed program was:
#include "confdefs.h"
#include <qglobal.h>
#include <qapplication.h>
#include <qcursor.h>
#include <qstylefactory.h>
#include <private/qucomextra_p.h>
#if ! (QT_VERSION >= 302)
#error 1
#endif

int main() {
    (void)QStyleFactory::create(QString::null);
    QCursor c(Qt::WhatsThisCursor);
    return 0;
}
configure:21026: result: no
configure:21064: checking for moc
configure:21133: result: /usr/qt/3/bin/moc
configure:21141: checking for uic
configure:21192: result: /usr/qt/3/bin/uic
configure:21220: checking whether uic supports -L 
configure:21231: /usr/qt/3/bin/uic -L /nonexistant conftest.ui >/dev/null
configure:21234: $? = 0
configure:21246: result: yes
configure:21258: checking whether uic supports -nounload 
configure:21269: /usr/qt/3/bin/uic -nounload  conftest.ui >/dev/null
configure:21272: $? = 0
configure:21284: result: yes
configure:21319: checking if Qt needs -ljpeg
configure:21360: rm -rf SunWS_cache; g++ -o conftest -O2 -fno-exceptions -fno-check-new -I/usr/qt/3/include -I/usr/X11R6/include   -DQT_THREAD_SUPPORT  -D_REENTRANT  conftest.cc -L/usr/X11R6/lib -L/usr/qt/3/lib -lqt-mt -lpng -lz -lm  -ldl -lXext -lX11 -lSM -lICE -lresolv 1>&5
configure:21366: $? = 0
configure:21370: test -z 
			 || test ! -s conftest.err
configure:21373: $? = 0
configure:21376: test -s conftest
configure:21379: $? = 0
configure:21407: result: no
configure:21569: creating ./config.status

## ---------------- ##
## Cache variables. ##
## ---------------- ##

ac_cv_build=i686-pc-linux-gnu
ac_cv_build_alias=i686-pc-linux-gnu
ac_cv_c_compiler_gnu=yes
ac_cv_cxx_compiler_gnu=yes
ac_cv_env_CC_set=
ac_cv_env_CC_value=
ac_cv_env_CFLAGS_set=
ac_cv_env_CFLAGS_value=
ac_cv_env_CPPFLAGS_set=
ac_cv_env_CPPFLAGS_value=
ac_cv_env_CPP_set=
ac_cv_env_CPP_value=
ac_cv_env_CXXCPP_set=
ac_cv_env_CXXCPP_value=
ac_cv_env_CXXFLAGS_set=
ac_cv_env_CXXFLAGS_value=
ac_cv_env_CXX_set=
ac_cv_env_CXX_value=
ac_cv_env_LDFLAGS_set=
ac_cv_env_LDFLAGS_value=
ac_cv_env_build_alias_set=
ac_cv_env_build_alias_value=
ac_cv_env_host_alias_set=
ac_cv_env_host_alias_value=
ac_cv_env_target_alias_set=
ac_cv_env_target_alias_value=
ac_cv_exeext=
ac_cv_func_connect=yes
ac_cv_func_inet_ntoa=yes
ac_cv_func_remove=yes
ac_cv_func_res_init=no
ac_cv_func_shmat=yes
ac_cv_have_dlfcn=yes
ac_cv_have_qt='have_qt=yes     ac_qt_includes=/usr/qt/3/include ac_qt_libraries=/usr/qt/3/lib'
ac_cv_have_xinerama=no
ac_cv_header_cups_cups_h=yes
ac_cv_header_inttypes_h=yes
ac_cv_header_lcms_h=no
ac_cv_header_lcms_lcms_h=yes
ac_cv_header_memory_h=yes
ac_cv_header_stdc=yes
ac_cv_header_stdint_h=yes
ac_cv_header_stdlib_h=yes
ac_cv_header_string_h=yes
ac_cv_header_strings_h=yes
ac_cv_header_sys_stat_h=yes
ac_cv_header_sys_types_h=yes
ac_cv_header_unistd_h=yes
ac_cv_host=i686-pc-linux-gnu
ac_cv_host_alias=i686-pc-linux-gnu
ac_cv_lib_ICE_IceConnectionNumber=yes
ac_cv_lib_c_dlopen=no
ac_cv_lib_compat_main=no
ac_cv_lib_crypt_crypt=yes
ac_cv_lib_cups_httpConnect=yes
ac_cv_lib_dl_dlopen=yes
ac_cv_lib_dld_shl_unload=no
ac_cv_lib_dnet_dnet_ntoa=no
ac_cv_lib_dnet_stub_dnet_ntoa=no
ac_cv_lib_freetype_FT_Get_Next_Char=yes
ac_cv_lib_jpeg_6b=no
ac_cv_lib_jpeg_normal=-ljpeg
ac_cv_lib_lcms__cmsChannelsOf=yes
ac_cv_lib_nsl_gethostbyaddr=yes
ac_cv_lib_png='-lpng -lz -lm'
ac_cv_lib_pthread_pthread_create=yes
ac_cv_lib_socket_socket=no
ac_cv_lib_tiff_TIFFOpen=yes
ac_cv_lib_ucb_killpg=no
ac_cv_lib_util_main=yes
ac_cv_lib_z=-lz
ac_cv_objext=o
ac_cv_path_FREETYPE_CONFIG=/usr/bin/freetype-config
ac_cv_path_install='/usr/bin/install -c'
ac_cv_prog_AWK=gawk
ac_cv_prog_CPP='gcc -E'
ac_cv_prog_CXXCPP='g++ -E'
ac_cv_prog_ac_ct_CC=gcc
ac_cv_prog_ac_ct_CXX=g++
ac_cv_prog_ac_ct_RANLIB=ranlib
ac_cv_prog_ac_ct_STRIP=strip
ac_cv_prog_cc_g=yes
ac_cv_prog_cc_stdc=
ac_cv_prog_cxx_g=yes
ac_cv_prog_egrep='grep -E'
ac_cv_prog_make_make_set=yes
ac_cv_sizeof_char=1
ac_cv_sizeof_char_p=4
ac_cv_sizeof_int=4
ac_cv_sizeof_long=4
ac_cv_socklen_t=socklen_t
ac_cv_target=i686-pc-linux-gnu
ac_cv_target_alias=i686-pc-linux-gnu
ac_cv_type_char=yes
ac_cv_type_char_p=yes
ac_cv_type_int=yes
ac_cv_type_long=yes
am_cv_CC_dependencies_compiler_type=gcc3
am_cv_CXX_dependencies_compiler_type=gcc3
kde_cv_have_libXext=yes
kde_cv_have_x='have_x=yes          kde_x_includes=/usr/X11R6/include kde_x_libraries=/usr/X11R6/lib'
kde_cv_path=/usr/qt/3/bin/uic
kde_cv_path_moc=/usr/qt/3/bin/moc
kde_cv_path_uic=/usr/qt/3/bin/uic
kde_cv_prog_cxx_fexceptions=yes
kde_cv_prog_cxx_fno_check_new=yes
kde_cv_prog_cxx_fno_exceptions=yes
kde_cv_prog_cxx_frepo=yes
kde_cv_prog_uic_L=yes
kde_cv_prog_uic_nounload=yes
kde_cv_pythondir=/usr/local
kde_cv_qt_direct=no
kde_cv_qt_jpeg=no
kde_cv_try_link_python_db2=no
kde_cv_try_link_python_m=no
kde_cv_try_link_python_m_and_thread=no
kde_cv_try_link_python_m_and_thread_and_util=yes
kde_cv_try_link_python_normal=no
kde_cv_try_link_python_pthread=no
kde_cv_try_link_python_tcl=no
lt_cv_deplibs_check_method=pass_all
lt_cv_file_magic_cmd='$MAGIC_CMD'
lt_cv_file_magic_test_file='/lib/libc.so.6 /lib/libc-2.3.4.so'
lt_cv_ld_reload_flag=-r
lt_cv_path_LD=/usr/i586-pc-linux-gnu/bin/ld
lt_cv_path_NM='/usr/bin/nm -B'
lt_cv_prog_gnu_ld=yes

## ----------------- ##
## Output variables. ##
## ----------------- ##

ACLOCAL='${SHELL} /home/subzero/devel/Subik/scribus-short-words/admin/missing --run aclocal-1.7'
AMDEPBACKSLASH='\'
AMDEP_FALSE='#'
AMDEP_TRUE=''
AMTAR='${SHELL} /home/subzero/devel/Subik/scribus-short-words/admin/missing --run tar'
AUTOCONF='${SHELL} /home/subzero/devel/Subik/scribus-short-words/admin/missing --run autoconf'
AUTOHEADER='${SHELL} /home/subzero/devel/Subik/scribus-short-words/admin/missing --run autoheader'
AUTOMAKE='${SHELL} /home/subzero/devel/Subik/scribus-short-words/admin/missing --run automake-1.7'
AWK='gawk'
CC='gcc'
CCDEPMODE='depmode=gcc3'
CFLAGS='-O2  -g -O2'
CPP='gcc -E'
CPPFLAGS=' -DQT_THREAD_SUPPORT  -D_REENTRANT'
CXX='g++'
CXXCPP='g++ -E'
CXXDEPMODE='depmode=gcc3'
CXXFLAGS='-O2 -fno-exceptions -fno-check-new'
CYGPATH_W='echo'
DEFS='-DHAVE_CONFIG_H'
DEPDIR='.deps'
ECHO_C=''
ECHO_N='-n'
ECHO_T=''
EGREP='grep -E'
EXEEXT=''
FREETYPE_CONFIG='/usr/bin/freetype-config'
INSTALL_DATA='${INSTALL} -m 644'
INSTALL_PROGRAM='${INSTALL} $(INSTALL_STRIP_FLAG)'
INSTALL_SCRIPT='${INSTALL}'
INSTALL_STRIP_PROGRAM='${SHELL} $(install_sh) -c -s'
KDE_CXXFLAGS=''
KDE_MT_LDFLAGS=''
KDE_MT_LIBS='-lpthread'
KDE_PLUGIN='-avoid-version -module -no-undefined $(KDE_RPATH) $(KDE_MT_LDFLAGS)'
KDE_USE_CLOSURE_FALSE='#'
KDE_USE_CLOSURE_TRUE=''
KDE_USE_FINAL_FALSE=''
KDE_USE_FINAL_TRUE='#'
LDFLAGS=''
LIBCOMPAT=''
LIBCRYPT='-lcrypt'
LIBCUPS='-lcups'
LIBDL2=''
LIBDL='-ldl'
LIBFREETYPE_CFLAGS='-I/usr/include/freetype2'
LIBFREETYPE_LIBS='-lfreetype -lz'
LIBJPEG='-ljpeg'
LIBLCMS='-llcms'
LIBOBJS=''
LIBPNG='-lpng -lz -lm'
LIBPTHREAD='-lpthread'
LIBPYTHON='-lpython2.2 -lpthread -lm -lutil -ldl '
LIBRESOLV='-lresolv'
LIBS='-lnsl '
LIBSM='-lSM -lICE'
LIBSOCKET=' -lresolv'
LIBTIFF='-ltiff'
LIBTOOL='$(SHELL) $(top_builddir)/libtool'
LIBUCB=''
LIBUTIL='-lutil'
LIBXINERAMA=''
LIBZ='-lz'
LIB_QPE=''
LIB_QT='-lqt-mt  $(LIBPNG) -lXext $(LIB_X11) $(LIBSM) -lpthread'
LIB_X11='-lX11 $(LIBSOCKET)'
LIB_XEXT='-lXext'
LN_S='ln -s'
LTLIBOBJS=''
MAKEINFO='${SHELL} /home/subzero/devel/Subik/scribus-short-words/admin/missing --run makeinfo'
MOC='/usr/qt/3/bin/moc'
NOOPT_CFLAGS=' -g'
NOOPT_CXXFLAGS=' -fno-exceptions -fno-check-new'
NOREPO='-fno-repo'
OBJEXT='o'
PACKAGE='scribus-vlna'
PACKAGE_BUGREPORT=''
PACKAGE_NAME=''
PACKAGE_STRING=''
PACKAGE_TARNAME=''
PACKAGE_VERSION=''
PATH_SEPARATOR=':'
PYTHONINC='-I/usr/include/python2.2'
PYTHONLIB='-L/usr/lib/python2.2/config'
PYTHONMODDIR='/usr/lib/python2.2'
QTE_NORTTI=''
QT_INCLUDES='-I/usr/qt/3/include'
QT_LDFLAGS='-L/usr/qt/3/lib'
RANLIB='ranlib'
REPO='-frepo'
SET_MAKE=''
SHELL='/bin/sh'
STRIP='strip'
UIC='/usr/qt/3/bin/uic -L $(kde_widgetdir) -nounload'
UIC_TR='tr2i18n'
USER_INCLUDES=''
USER_LDFLAGS=''
USE_EXCEPTIONS='-fexceptions'
USE_RTTI=''
USE_THREADS=''
VERSION='0.3.7'
WOVERLOADED_VIRTUAL=''
X_EXTRA_LIBS=' -lresolv'
X_INCLUDES='-I/usr/X11R6/include'
X_LDFLAGS='-L/usr/X11R6/lib'
X_PRE_LIBS=''
ac_ct_CC='gcc'
ac_ct_CXX='g++'
ac_ct_RANLIB='ranlib'
ac_ct_STRIP='strip'
all_includes='-I/usr/qt/3/include -I/usr/X11R6/include'
all_libraries='-L/usr/X11R6/lib -L/usr/qt/3/lib'
am__fastdepCC_FALSE='#'
am__fastdepCC_TRUE=''
am__fastdepCXX_FALSE='#'
am__fastdepCXX_TRUE=''
am__include='include'
am__leading_dot='.'
am__quote=''
bindir='${exec_prefix}/bin'
build='i686-pc-linux-gnu'
build_alias=''
build_cpu='i686'
build_os='linux-gnu'
build_vendor='pc'
datadir='${prefix}/share'
exec_prefix='${prefix}'
host='i686-pc-linux-gnu'
host_alias=''
host_cpu='i686'
host_os='linux-gnu'
host_vendor='pc'
includedir='${prefix}/include'
infodir='${prefix}/info'
install_sh='/home/subzero/devel/Subik/scribus-short-words/admin/install-sh'
kde_qtver='3'
libdir='${exec_prefix}/lib'
libexecdir='${exec_prefix}/libexec'
localstatedir='${prefix}/var'
mandir='${prefix}/man'
oldincludedir='/usr/include'
prefix='/home/subzero/devel/SCRIBUS'
program_transform_name='s,x,x,'
qt_includes='/usr/qt/3/include'
qt_libraries='/usr/qt/3/lib'
sbindir='${exec_prefix}/sbin'
sharedstatedir='${prefix}/com'
sysconfdir='${prefix}/etc'
target='i686-pc-linux-gnu'
target_alias=''
target_cpu='i686'
target_os='linux-gnu'
target_vendor='pc'
x_includes='/usr/X11R6/include'
x_libraries='/usr/X11R6/lib'

## ----------- ##
## confdefs.h. ##
## ----------- ##

#define CMS_INC "lcms/lcms.h"
#define HAVE_CMS 1
#define HAVE_CRYPT 1
#define HAVE_CUPS 1
#define HAVE_FREETYPE 1
#define HAVE_INTTYPES_H 1
#define HAVE_LIBJPEG 1
#define HAVE_LIBPNG 1
#define HAVE_LIBPTHREAD 1
#define HAVE_LIBZ 1
#define HAVE_MEMORY_H 1
#define HAVE_PYTHON 1
#define HAVE_RES_INIT 1
#define HAVE_STDINT_H 1
#define HAVE_STDLIB_H 1
#define HAVE_STRINGS_H 1
#define HAVE_STRING_H 1
#define HAVE_SYS_STAT_H 1
#define HAVE_SYS_TYPES_H 1
#define HAVE_TEMPLATE_REPOSITORY 1
#define HAVE_TIFF 1
#define HAVE_UNISTD_H 1
#define PACKAGE "scribus-vlna"
#define PACKAGE_BUGREPORT ""
#define PACKAGE_NAME ""
#define PACKAGE_STRING ""
#define PACKAGE_TARNAME ""
#define PACKAGE_VERSION ""
#define PREL "/home/subzero/devel/SCRIBUS"
#define SIZEOF_CHAR 1
#define SIZEOF_CHAR_P 4
#define SIZEOF_INT 4
#define SIZEOF_LONG 4
#define STDC_HEADERS 1
#define VERSION "0.3.7"
#define ksize_t socklen_t
#endif
#ifdef __cplusplus
extern "C" void std::exit (int) throw (); using std::exit;

configure: exit 0

## ---------------------- ##
## Running config.status. ##
## ---------------------- ##

This file was extended by config.status, which was
generated by GNU Autoconf 2.59.  Invocation command line was

  CONFIG_FILES    = 
  CONFIG_HEADERS  = 
  CONFIG_LINKS    = 
  CONFIG_COMMANDS = 
  $ ./config.status Makefile

on powerpuff

config.status:780: creating Makefile

## ---------------------- ##
## Running config.status. ##
## ---------------------- ##

This file was extended by config.status, which was
generated by GNU Autoconf 2.59.  Invocation command line was

  CONFIG_FILES    = 
  CONFIG_HEADERS  = 
  CONFIG_LINKS    = 
  CONFIG_COMMANDS = 
  $ ./config.status config.h

on powerpuff

config.status:884: creating config.h
config.status:1028: config.h is unchanged

## ---------------------- ##
## Running config.status. ##
## ---------------------- ##

This file was extended by config.status, which was
generated by GNU Autoconf 2.59.  Invocation command line was

  CONFIG_FILES    = 
  CONFIG_HEADERS  = 
  CONFIG_LINKS    = 
  CONFIG_COMMANDS = 
  $ ./config.status scribus-short-words/Makefile depfiles

on powerpuff

config.status:780: creating scribus-short-words/Makefile
config.status:1208: executing depfiles commands

## ---------------------- ##
## Running config.status. ##
## ---------------------- ##

This file was extended by config.status, which was
generated by GNU Autoconf 2.59.  Invocation command line was

  CONFIG_FILES    = 
  CONFIG_HEADERS  = 
  CONFIG_LINKS    = 
  CONFIG_COMMANDS = 
  $ ./config.status scribus-short-words/translation/Makefile

on powerpuff

config.status:780: creating scribus-short-words/translation/Makefile

## ---------------------- ##
## Running config.status. ##
## ---------------------- ##

This file was extended by config.status, which was
generated by GNU Autoconf 2.59.  Invocation command line was

  CONFIG_FILES    = 
  CONFIG_HEADERS  = 
  CONFIG_LINKS    = 
  CONFIG_COMMANDS = 
  $ ./config.status scribus-short-words/cfg/Makefile

on powerpuff

config.status:780: creating scribus-short-words/cfg/Makefile

## ---------------------- ##
## Running config.status. ##
## ---------------------- ##

This file was extended by config.status, which was
generated by GNU Autoconf 2.59.  Invocation command line was

  CONFIG_FILES    = 
  CONFIG_HEADERS  = 
  CONFIG_LINKS    = 
  CONFIG_COMMANDS = 
  $ ./config.status scribus-short-words/docs/Makefile

on powerpuff

config.status:780: creating scribus-short-words/docs/Makefile

## ---------------------- ##
## Running config.status. ##
## ---------------------- ##

This file was extended by config.status, which was
generated by GNU Autoconf 2.59.  Invocation command line was

  CONFIG_FILES    = 
  CONFIG_HEADERS  = 
  CONFIG_LINKS    = 
  CONFIG_COMMANDS = 
  $ ./config.status scribus-short-words/docs/en/Makefile

on powerpuff

config.status:780: creating scribus-short-words/docs/en/Makefile

## ---------------------- ##
## Running config.status. ##
## ---------------------- ##

This file was extended by config.status, which was
generated by GNU Autoconf 2.59.  Invocation command line was

  CONFIG_FILES    = 
  CONFIG_HEADERS  = 
  CONFIG_LINKS    = 
  CONFIG_COMMANDS = 
  $ ./config.status scribus-short-words/docs/cs/Makefile

on powerpuff

config.status:780: creating scribus-short-words/docs/cs/Makefile

## ---------------------- ##
## Running config.status. ##
## ---------------------- ##

This file was extended by config.status, which was
generated by GNU Autoconf 2.59.  Invocation command line was

  CONFIG_FILES    = 
  CONFIG_HEADERS  = 
  CONFIG_LINKS    = 
  CONFIG_COMMANDS = 
  $ ./config.status scribus-short-words/docs/pl/Makefile

on powerpuff

config.status:780: creating scribus-short-words/docs/pl/Makefile

## ---------------------- ##
## Running config.status. ##
## ---------------------- ##

This file was extended by config.status, which was
generated by GNU Autoconf 2.59.  Invocation command line was

  CONFIG_FILES    = 
  CONFIG_HEADERS  = 
  CONFIG_LINKS    = 
  CONFIG_COMMANDS = 
  $ ./config.status scribus-short-words/docs/fr/Makefile

on powerpuff

config.status:780: creating scribus-short-words/docs/fr/Makefile
